{"/Users/stephenborutta/Documents/2021-Springboard/2021-SpringBoard Curriculum/Springboard-Exercises-Submition-Section-3/express-jobly/app.js": {"path":"/Users/stephenborutta/Documents/2021-Springboard/2021-SpringBoard Curriculum/Springboard-Exercises-Submition-Section-3/express-jobly/app.js","statementMap":{"0":{"start":{"line":5,"column":16},"end":{"line":5,"column":34}},"1":{"start":{"line":6,"column":13},"end":{"line":6,"column":28}},"2":{"start":{"line":8,"column":26},"end":{"line":8,"column":51}},"3":{"start":{"line":10,"column":28},"end":{"line":10,"column":56}},"4":{"start":{"line":11,"column":19},"end":{"line":11,"column":43}},"5":{"start":{"line":12,"column":24},"end":{"line":12,"column":53}},"6":{"start":{"line":13,"column":20},"end":{"line":13,"column":45}},"7":{"start":{"line":14,"column":19},"end":{"line":14,"column":43}},"8":{"start":{"line":16,"column":15},"end":{"line":16,"column":32}},"9":{"start":{"line":18,"column":12},"end":{"line":18,"column":21}},"10":{"start":{"line":20,"column":0},"end":{"line":20,"column":16}},"11":{"start":{"line":21,"column":0},"end":{"line":21,"column":24}},"12":{"start":{"line":22,"column":0},"end":{"line":22,"column":24}},"13":{"start":{"line":23,"column":0},"end":{"line":23,"column":25}},"14":{"start":{"line":25,"column":0},"end":{"line":25,"column":29}},"15":{"start":{"line":26,"column":0},"end":{"line":26,"column":39}},"16":{"start":{"line":27,"column":0},"end":{"line":27,"column":31}},"17":{"start":{"line":28,"column":0},"end":{"line":28,"column":29}},"18":{"start":{"line":32,"column":0},"end":{"line":34,"column":3}},"19":{"start":{"line":33,"column":2},"end":{"line":33,"column":35}},"20":{"start":{"line":37,"column":0},"end":{"line":45,"column":3}},"21":{"start":{"line":38,"column":2},"end":{"line":38,"column":64}},"22":{"start":{"line":38,"column":39},"end":{"line":38,"column":64}},"23":{"start":{"line":39,"column":17},"end":{"line":39,"column":34}},"24":{"start":{"line":40,"column":18},"end":{"line":40,"column":29}},"25":{"start":{"line":42,"column":2},"end":{"line":44,"column":5}},"26":{"start":{"line":47,"column":0},"end":{"line":47,"column":21}}},"fnMap":{"0":{"name":"(anonymous_0)","decl":{"start":{"line":32,"column":8},"end":{"line":32,"column":9}},"loc":{"start":{"line":32,"column":34},"end":{"line":34,"column":1}},"line":32},"1":{"name":"(anonymous_1)","decl":{"start":{"line":37,"column":8},"end":{"line":37,"column":9}},"loc":{"start":{"line":37,"column":39},"end":{"line":45,"column":1}},"line":37}},"branchMap":{"0":{"loc":{"start":{"line":38,"column":2},"end":{"line":38,"column":64}},"type":"if","locations":[{"start":{"line":38,"column":2},"end":{"line":38,"column":64}},{"start":{},"end":{}}],"line":38},"1":{"loc":{"start":{"line":39,"column":17},"end":{"line":39,"column":34}},"type":"binary-expr","locations":[{"start":{"line":39,"column":17},"end":{"line":39,"column":27}},{"start":{"line":39,"column":31},"end":{"line":39,"column":34}}],"line":39}},"s":{"0":7,"1":7,"2":7,"3":7,"4":7,"5":7,"6":7,"7":7,"8":7,"9":7,"10":7,"11":7,"12":7,"13":7,"14":7,"15":7,"16":7,"17":7,"18":7,"19":2,"20":7,"21":41,"22":1,"23":41,"24":41,"25":41,"26":7},"f":{"0":2,"1":41},"b":{"0":[1,40],"1":[41,2]},"_coverageSchema":"1a1c01bbd47fc00a2c39e90264f33305004495a9","hash":"d0c6114bb23021cdcbf999b75a5863409b28bf12"}
,"/Users/stephenborutta/Documents/2021-Springboard/2021-SpringBoard Curriculum/Springboard-Exercises-Submition-Section-3/express-jobly/config.js": {"path":"/Users/stephenborutta/Documents/2021-Springboard/2021-SpringBoard Curriculum/Springboard-Exercises-Submition-Section-3/express-jobly/config.js","statementMap":{"0":{"start":{"line":5,"column":0},"end":{"line":5,"column":27}},"1":{"start":{"line":6,"column":0},"end":{"line":6,"column":18}},"2":{"start":{"line":8,"column":19},"end":{"line":8,"column":57}},"3":{"start":{"line":10,"column":13},"end":{"line":10,"column":38}},"4":{"start":{"line":14,"column":2},"end":{"line":16,"column":44}},"5":{"start":{"line":22,"column":27},"end":{"line":22,"column":67}},"6":{"start":{"line":24,"column":0},"end":{"line":24,"column":35}},"7":{"start":{"line":25,"column":0},"end":{"line":25,"column":46}},"8":{"start":{"line":26,"column":0},"end":{"line":26,"column":45}},"9":{"start":{"line":27,"column":0},"end":{"line":27,"column":61}},"10":{"start":{"line":28,"column":0},"end":{"line":28,"column":50}},"11":{"start":{"line":29,"column":0},"end":{"line":29,"column":19}},"12":{"start":{"line":31,"column":0},"end":{"line":36,"column":2}}},"fnMap":{"0":{"name":"getDatabaseUri","decl":{"start":{"line":13,"column":9},"end":{"line":13,"column":23}},"loc":{"start":{"line":13,"column":26},"end":{"line":17,"column":1}},"line":13}},"branchMap":{"0":{"loc":{"start":{"line":8,"column":19},"end":{"line":8,"column":57}},"type":"binary-expr","locations":[{"start":{"line":8,"column":19},"end":{"line":8,"column":41}},{"start":{"line":8,"column":45},"end":{"line":8,"column":57}}],"line":8},"1":{"loc":{"start":{"line":10,"column":13},"end":{"line":10,"column":38}},"type":"binary-expr","locations":[{"start":{"line":10,"column":13},"end":{"line":10,"column":30}},{"start":{"line":10,"column":34},"end":{"line":10,"column":38}}],"line":10},"2":{"loc":{"start":{"line":14,"column":9},"end":{"line":16,"column":43}},"type":"cond-expr","locations":[{"start":{"line":15,"column":8},"end":{"line":15,"column":20}},{"start":{"line":16,"column":8},"end":{"line":16,"column":43}}],"line":14},"3":{"loc":{"start":{"line":16,"column":8},"end":{"line":16,"column":43}},"type":"binary-expr","locations":[{"start":{"line":16,"column":8},"end":{"line":16,"column":32}},{"start":{"line":16,"column":36},"end":{"line":16,"column":43}}],"line":16},"4":{"loc":{"start":{"line":22,"column":27},"end":{"line":22,"column":67}},"type":"cond-expr","locations":[{"start":{"line":22,"column":61},"end":{"line":22,"column":62}},{"start":{"line":22,"column":65},"end":{"line":22,"column":67}}],"line":22}},"s":{"0":12,"1":12,"2":12,"3":12,"4":24,"5":12,"6":12,"7":12,"8":12,"9":12,"10":12,"11":12,"12":12},"f":{"0":24},"b":{"0":[12,11],"1":[12,11],"2":[21,3],"3":[3,1],"4":[11,1]},"_coverageSchema":"1a1c01bbd47fc00a2c39e90264f33305004495a9","hash":"003781aa224b193f6d9298f46bc8022df9e933ca"}
,"/Users/stephenborutta/Documents/2021-Springboard/2021-SpringBoard Curriculum/Springboard-Exercises-Submition-Section-3/express-jobly/db.js": {"path":"/Users/stephenborutta/Documents/2021-Springboard/2021-SpringBoard Curriculum/Springboard-Exercises-Submition-Section-3/express-jobly/db.js","statementMap":{"0":{"start":{"line":3,"column":19},"end":{"line":3,"column":32}},"1":{"start":{"line":4,"column":27},"end":{"line":4,"column":46}},"2":{"start":{"line":8,"column":0},"end":{"line":19,"column":1}},"3":{"start":{"line":9,"column":2},"end":{"line":14,"column":5}},"4":{"start":{"line":16,"column":2},"end":{"line":18,"column":5}},"5":{"start":{"line":21,"column":0},"end":{"line":21,"column":13}},"6":{"start":{"line":23,"column":0},"end":{"line":23,"column":20}}},"fnMap":{},"branchMap":{"0":{"loc":{"start":{"line":8,"column":0},"end":{"line":19,"column":1}},"type":"if","locations":[{"start":{"line":8,"column":0},"end":{"line":19,"column":1}},{"start":{"line":15,"column":7},"end":{"line":19,"column":1}}],"line":8}},"s":{"0":9,"1":9,"2":9,"3":0,"4":9,"5":9,"6":9},"f":{},"b":{"0":[0,9]},"_coverageSchema":"1a1c01bbd47fc00a2c39e90264f33305004495a9","hash":"bf9c9e40b4f76ff19ae361ff4cf7c099d8a8c38e"}
,"/Users/stephenborutta/Documents/2021-Springboard/2021-SpringBoard Curriculum/Springboard-Exercises-Submition-Section-3/express-jobly/expressError.js": {"path":"/Users/stephenborutta/Documents/2021-Springboard/2021-SpringBoard Curriculum/Springboard-Exercises-Submition-Section-3/express-jobly/expressError.js","statementMap":{"0":{"start":{"line":9,"column":4},"end":{"line":9,"column":12}},"1":{"start":{"line":10,"column":4},"end":{"line":10,"column":27}},"2":{"start":{"line":11,"column":4},"end":{"line":11,"column":25}},"3":{"start":{"line":19,"column":4},"end":{"line":19,"column":24}},"4":{"start":{"line":27,"column":4},"end":{"line":27,"column":24}},"5":{"start":{"line":35,"column":4},"end":{"line":35,"column":24}},"6":{"start":{"line":43,"column":4},"end":{"line":43,"column":24}},"7":{"start":{"line":47,"column":0},"end":{"line":53,"column":2}}},"fnMap":{"0":{"name":"(anonymous_0)","decl":{"start":{"line":8,"column":2},"end":{"line":8,"column":3}},"loc":{"start":{"line":8,"column":31},"end":{"line":12,"column":3}},"line":8},"1":{"name":"(anonymous_1)","decl":{"start":{"line":18,"column":2},"end":{"line":18,"column":3}},"loc":{"start":{"line":18,"column":37},"end":{"line":20,"column":3}},"line":18},"2":{"name":"(anonymous_2)","decl":{"start":{"line":26,"column":2},"end":{"line":26,"column":3}},"loc":{"start":{"line":26,"column":40},"end":{"line":28,"column":3}},"line":26},"3":{"name":"(anonymous_3)","decl":{"start":{"line":34,"column":2},"end":{"line":34,"column":3}},"loc":{"start":{"line":34,"column":39},"end":{"line":36,"column":3}},"line":34},"4":{"name":"(anonymous_4)","decl":{"start":{"line":42,"column":2},"end":{"line":42,"column":3}},"loc":{"start":{"line":42,"column":39},"end":{"line":44,"column":3}},"line":42}},"branchMap":{"0":{"loc":{"start":{"line":18,"column":14},"end":{"line":18,"column":35}},"type":"default-arg","locations":[{"start":{"line":18,"column":24},"end":{"line":18,"column":35}}],"line":18},"1":{"loc":{"start":{"line":26,"column":14},"end":{"line":26,"column":38}},"type":"default-arg","locations":[{"start":{"line":26,"column":24},"end":{"line":26,"column":38}}],"line":26},"2":{"loc":{"start":{"line":34,"column":14},"end":{"line":34,"column":37}},"type":"default-arg","locations":[{"start":{"line":34,"column":24},"end":{"line":34,"column":37}}],"line":34},"3":{"loc":{"start":{"line":42,"column":14},"end":{"line":42,"column":37}},"type":"default-arg","locations":[{"start":{"line":42,"column":24},"end":{"line":42,"column":37}}],"line":42}},"s":{"0":59,"1":59,"2":59,"3":18,"4":16,"5":25,"6":0,"7":10},"f":{"0":59,"1":18,"2":16,"3":25,"4":0},"b":{"0":[2],"1":[12],"2":[0],"3":[0]},"_coverageSchema":"1a1c01bbd47fc00a2c39e90264f33305004495a9","hash":"93e6fbe0c455c24b06e53fab3230e7ef7522ece3"}
,"/Users/stephenborutta/Documents/2021-Springboard/2021-SpringBoard Curriculum/Springboard-Exercises-Submition-Section-3/express-jobly/helpers/sql.js": {"path":"/Users/stephenborutta/Documents/2021-Springboard/2021-SpringBoard Curriculum/Springboard-Exercises-Submition-Section-3/express-jobly/helpers/sql.js","statementMap":{"0":{"start":{"line":1,"column":28},"end":{"line":1,"column":54}},"1":{"start":{"line":12,"column":15},"end":{"line":12,"column":40}},"2":{"start":{"line":13,"column":2},"end":{"line":13,"column":62}},"3":{"start":{"line":13,"column":25},"end":{"line":13,"column":62}},"4":{"start":{"line":16,"column":15},"end":{"line":18,"column":3}},"5":{"start":{"line":17,"column":6},"end":{"line":17,"column":52}},"6":{"start":{"line":20,"column":2},"end":{"line":23,"column":4}},"7":{"start":{"line":26,"column":0},"end":{"line":26,"column":41}}},"fnMap":{"0":{"name":"sqlForPartialUpdate","decl":{"start":{"line":11,"column":9},"end":{"line":11,"column":28}},"loc":{"start":{"line":11,"column":52},"end":{"line":24,"column":1}},"line":11},"1":{"name":"(anonymous_1)","decl":{"start":{"line":16,"column":24},"end":{"line":16,"column":25}},"loc":{"start":{"line":17,"column":6},"end":{"line":17,"column":52}},"line":17}},"branchMap":{"0":{"loc":{"start":{"line":13,"column":2},"end":{"line":13,"column":62}},"type":"if","locations":[{"start":{"line":13,"column":2},"end":{"line":13,"column":62}},{"start":{},"end":{}}],"line":13},"1":{"loc":{"start":{"line":17,"column":10},"end":{"line":17,"column":37}},"type":"binary-expr","locations":[{"start":{"line":17,"column":10},"end":{"line":17,"column":26}},{"start":{"line":17,"column":30},"end":{"line":17,"column":37}}],"line":17}},"s":{"0":9,"1":18,"2":18,"3":3,"4":15,"5":30,"6":15,"7":9},"f":{"0":18,"1":30},"b":{"0":[3,15],"1":[30,16]},"_coverageSchema":"1a1c01bbd47fc00a2c39e90264f33305004495a9","hash":"5886ddf58a3d52db87dbe003f0900c3b517f40b4"}
,"/Users/stephenborutta/Documents/2021-Springboard/2021-SpringBoard Curriculum/Springboard-Exercises-Submition-Section-3/express-jobly/helpers/tokens.js": {"path":"/Users/stephenborutta/Documents/2021-Springboard/2021-SpringBoard Curriculum/Springboard-Exercises-Submition-Section-3/express-jobly/helpers/tokens.js","statementMap":{"0":{"start":{"line":1,"column":12},"end":{"line":1,"column":35}},"1":{"start":{"line":2,"column":23},"end":{"line":2,"column":43}},"2":{"start":{"line":7,"column":2},"end":{"line":8,"column":58}},"3":{"start":{"line":10,"column":16},"end":{"line":13,"column":3}},"4":{"start":{"line":15,"column":2},"end":{"line":15,"column":39}},"5":{"start":{"line":18,"column":0},"end":{"line":18,"column":33}}},"fnMap":{"0":{"name":"createToken","decl":{"start":{"line":6,"column":9},"end":{"line":6,"column":20}},"loc":{"start":{"line":6,"column":27},"end":{"line":16,"column":1}},"line":6}},"branchMap":{"0":{"loc":{"start":{"line":12,"column":13},"end":{"line":12,"column":34}},"type":"binary-expr","locations":[{"start":{"line":12,"column":13},"end":{"line":12,"column":25}},{"start":{"line":12,"column":29},"end":{"line":12,"column":34}}],"line":12}},"s":{"0":8,"1":8,"2":15,"3":15,"4":15,"5":8},"f":{"0":15},"b":{"0":[15,9]},"_coverageSchema":"1a1c01bbd47fc00a2c39e90264f33305004495a9","hash":"ae7fdfa99634ffc5c64cc515a1dd5a1deb32ad81"}
,"/Users/stephenborutta/Documents/2021-Springboard/2021-SpringBoard Curriculum/Springboard-Exercises-Submition-Section-3/express-jobly/middleware/auth.js": {"path":"/Users/stephenborutta/Documents/2021-Springboard/2021-SpringBoard Curriculum/Springboard-Exercises-Submition-Section-3/express-jobly/middleware/auth.js","statementMap":{"0":{"start":{"line":5,"column":12},"end":{"line":5,"column":35}},"1":{"start":{"line":6,"column":23},"end":{"line":6,"column":43}},"2":{"start":{"line":7,"column":30},"end":{"line":7,"column":56}},"3":{"start":{"line":19,"column":2},"end":{"line":30,"column":3}},"4":{"start":{"line":20,"column":23},"end":{"line":20,"column":63}},"5":{"start":{"line":21,"column":4},"end":{"line":26,"column":5}},"6":{"start":{"line":22,"column":20},"end":{"line":22,"column":64}},"7":{"start":{"line":24,"column":6},"end":{"line":24,"column":54}},"8":{"start":{"line":25,"column":6},"end":{"line":25,"column":50}},"9":{"start":{"line":27,"column":4},"end":{"line":27,"column":18}},"10":{"start":{"line":29,"column":4},"end":{"line":29,"column":18}},"11":{"start":{"line":39,"column":2},"end":{"line":44,"column":3}},"12":{"start":{"line":40,"column":4},"end":{"line":40,"column":56}},"13":{"start":{"line":40,"column":26},"end":{"line":40,"column":56}},"14":{"start":{"line":41,"column":4},"end":{"line":41,"column":18}},"15":{"start":{"line":43,"column":4},"end":{"line":43,"column":21}},"16":{"start":{"line":53,"column":2},"end":{"line":58,"column":3}},"17":{"start":{"line":54,"column":4},"end":{"line":54,"column":59}},"18":{"start":{"line":54,"column":29},"end":{"line":54,"column":59}},"19":{"start":{"line":55,"column":4},"end":{"line":55,"column":18}},"20":{"start":{"line":57,"column":4},"end":{"line":57,"column":21}},"21":{"start":{"line":67,"column":2},"end":{"line":72,"column":3}},"22":{"start":{"line":68,"column":4},"end":{"line":68,"column":66}},"23":{"start":{"line":68,"column":36},"end":{"line":68,"column":66}},"24":{"start":{"line":69,"column":4},"end":{"line":69,"column":18}},"25":{"start":{"line":71,"column":4},"end":{"line":71,"column":21}},"26":{"start":{"line":76,"column":0},"end":{"line":81,"column":2}}},"fnMap":{"0":{"name":"authenticateJWT","decl":{"start":{"line":18,"column":9},"end":{"line":18,"column":24}},"loc":{"start":{"line":18,"column":41},"end":{"line":31,"column":1}},"line":18},"1":{"name":"ensureLoggedIn","decl":{"start":{"line":38,"column":9},"end":{"line":38,"column":23}},"loc":{"start":{"line":38,"column":40},"end":{"line":45,"column":1}},"line":38},"2":{"name":"ensureAdminThere","decl":{"start":{"line":52,"column":9},"end":{"line":52,"column":25}},"loc":{"start":{"line":52,"column":42},"end":{"line":59,"column":1}},"line":52},"3":{"name":"ensureAdminTrue","decl":{"start":{"line":66,"column":9},"end":{"line":66,"column":24}},"loc":{"start":{"line":66,"column":41},"end":{"line":73,"column":1}},"line":66}},"branchMap":{"0":{"loc":{"start":{"line":20,"column":23},"end":{"line":20,"column":63}},"type":"binary-expr","locations":[{"start":{"line":20,"column":23},"end":{"line":20,"column":34}},{"start":{"line":20,"column":38},"end":{"line":20,"column":63}}],"line":20},"1":{"loc":{"start":{"line":21,"column":4},"end":{"line":26,"column":5}},"type":"if","locations":[{"start":{"line":21,"column":4},"end":{"line":26,"column":5}},{"start":{},"end":{}}],"line":21},"2":{"loc":{"start":{"line":40,"column":4},"end":{"line":40,"column":56}},"type":"if","locations":[{"start":{"line":40,"column":4},"end":{"line":40,"column":56}},{"start":{},"end":{}}],"line":40},"3":{"loc":{"start":{"line":54,"column":4},"end":{"line":54,"column":59}},"type":"if","locations":[{"start":{"line":54,"column":4},"end":{"line":54,"column":59}},{"start":{},"end":{}}],"line":54},"4":{"loc":{"start":{"line":68,"column":4},"end":{"line":68,"column":66}},"type":"if","locations":[{"start":{"line":68,"column":4},"end":{"line":68,"column":66}},{"start":{},"end":{}}],"line":68}},"s":{"0":8,"1":8,"2":8,"3":64,"4":64,"5":64,"6":37,"7":37,"8":36,"9":63,"10":1,"11":46,"12":46,"13":10,"14":36,"15":10,"16":20,"17":20,"18":2,"19":18,"20":2,"21":6,"22":6,"23":0,"24":6,"25":0,"26":8},"f":{"0":64,"1":46,"2":20,"3":6},"b":{"0":[64,63],"1":[37,27],"2":[10,36],"3":[2,18],"4":[0,6]},"_coverageSchema":"1a1c01bbd47fc00a2c39e90264f33305004495a9","hash":"c5575c25f99d96dbe2ca10e18fd0c18a8c983aba"}
,"/Users/stephenborutta/Documents/2021-Springboard/2021-SpringBoard Curriculum/Springboard-Exercises-Submition-Section-3/express-jobly/models/_testCommon.js": {"path":"/Users/stephenborutta/Documents/2021-Springboard/2021-SpringBoard Curriculum/Springboard-Exercises-Submition-Section-3/express-jobly/models/_testCommon.js","statementMap":{"0":{"start":{"line":1,"column":15},"end":{"line":1,"column":32}},"1":{"start":{"line":3,"column":11},"end":{"line":3,"column":30}},"2":{"start":{"line":4,"column":31},"end":{"line":4,"column":51}},"3":{"start":{"line":6,"column":17},"end":{"line":6,"column":19}},"4":{"start":{"line":10,"column":2},"end":{"line":10,"column":42}},"5":{"start":{"line":12,"column":2},"end":{"line":12,"column":38}},"6":{"start":{"line":13,"column":2},"end":{"line":13,"column":37}},"7":{"start":{"line":15,"column":2},"end":{"line":19,"column":55}},"8":{"start":{"line":21,"column":2},"end":{"line":33,"column":9}},"9":{"start":{"line":35,"column":20},"end":{"line":40,"column":20}},"10":{"start":{"line":41,"column":2},"end":{"line":41,"column":59}},"11":{"start":{"line":41,"column":53},"end":{"line":41,"column":57}},"12":{"start":{"line":45,"column":2},"end":{"line":45,"column":26}},"13":{"start":{"line":49,"column":2},"end":{"line":49,"column":29}},"14":{"start":{"line":53,"column":2},"end":{"line":53,"column":17}},"15":{"start":{"line":57,"column":0},"end":{"line":63,"column":2}}},"fnMap":{"0":{"name":"commonBeforeAll","decl":{"start":{"line":8,"column":15},"end":{"line":8,"column":30}},"loc":{"start":{"line":8,"column":33},"end":{"line":42,"column":1}},"line":8},"1":{"name":"(anonymous_1)","decl":{"start":{"line":41,"column":48},"end":{"line":41,"column":49}},"loc":{"start":{"line":41,"column":53},"end":{"line":41,"column":57}},"line":41},"2":{"name":"commonBeforeEach","decl":{"start":{"line":44,"column":15},"end":{"line":44,"column":31}},"loc":{"start":{"line":44,"column":34},"end":{"line":46,"column":1}},"line":44},"3":{"name":"commonAfterEach","decl":{"start":{"line":48,"column":15},"end":{"line":48,"column":30}},"loc":{"start":{"line":48,"column":33},"end":{"line":50,"column":1}},"line":48},"4":{"name":"commonAfterAll","decl":{"start":{"line":52,"column":15},"end":{"line":52,"column":29}},"loc":{"start":{"line":52,"column":32},"end":{"line":54,"column":1}},"line":52}},"branchMap":{},"s":{"0":3,"1":3,"2":3,"3":3,"4":3,"5":3,"6":3,"7":3,"8":3,"9":3,"10":3,"11":9,"12":46,"13":46,"14":3,"15":3},"f":{"0":3,"1":9,"2":46,"3":46,"4":3},"b":{},"_coverageSchema":"1a1c01bbd47fc00a2c39e90264f33305004495a9","hash":"a5ae4fdb43a18b7cd88b62cd73da6f37555047d7"}
,"/Users/stephenborutta/Documents/2021-Springboard/2021-SpringBoard Curriculum/Springboard-Exercises-Submition-Section-3/express-jobly/models/company.js": {"path":"/Users/stephenborutta/Documents/2021-Springboard/2021-SpringBoard Curriculum/Springboard-Exercises-Submition-Section-3/express-jobly/models/company.js","statementMap":{"0":{"start":{"line":3,"column":11},"end":{"line":3,"column":27}},"1":{"start":{"line":4,"column":43},"end":{"line":4,"column":69}},"2":{"start":{"line":5,"column":32},"end":{"line":5,"column":57}},"3":{"start":{"line":20,"column":27},"end":{"line":24,"column":17}},"4":{"start":{"line":26,"column":4},"end":{"line":27,"column":64}},"5":{"start":{"line":27,"column":6},"end":{"line":27,"column":64}},"6":{"start":{"line":29,"column":19},"end":{"line":41,"column":5}},"7":{"start":{"line":42,"column":20},"end":{"line":42,"column":34}},"8":{"start":{"line":44,"column":4},"end":{"line":44,"column":19}},"9":{"start":{"line":53,"column":25},"end":{"line":60,"column":26}},"10":{"start":{"line":61,"column":4},"end":{"line":61,"column":29}},"11":{"start":{"line":76,"column":49},"end":{"line":76,"column":56}},"12":{"start":{"line":79,"column":4},"end":{"line":81,"column":5}},"13":{"start":{"line":80,"column":6},"end":{"line":80,"column":132}},"14":{"start":{"line":83,"column":24},"end":{"line":88,"column":26}},"15":{"start":{"line":89,"column":20},"end":{"line":89,"column":22}},"16":{"start":{"line":90,"column":19},"end":{"line":90,"column":21}},"17":{"start":{"line":93,"column":4},"end":{"line":96,"column":5}},"18":{"start":{"line":94,"column":6},"end":{"line":94,"column":34}},"19":{"start":{"line":95,"column":6},"end":{"line":95,"column":61}},"20":{"start":{"line":98,"column":4},"end":{"line":101,"column":5}},"21":{"start":{"line":99,"column":6},"end":{"line":99,"column":34}},"22":{"start":{"line":100,"column":6},"end":{"line":100,"column":61}},"23":{"start":{"line":103,"column":4},"end":{"line":106,"column":5}},"24":{"start":{"line":104,"column":6},"end":{"line":104,"column":33}},"25":{"start":{"line":105,"column":6},"end":{"line":105,"column":55}},"26":{"start":{"line":109,"column":4},"end":{"line":111,"column":5}},"27":{"start":{"line":110,"column":6},"end":{"line":110,"column":59}},"28":{"start":{"line":112,"column":4},"end":{"line":112,"column":38}},"29":{"start":{"line":116,"column":25},"end":{"line":116,"column":64}},"30":{"start":{"line":118,"column":4},"end":{"line":118,"column":29}},"31":{"start":{"line":130,"column":23},"end":{"line":138,"column":17}},"32":{"start":{"line":140,"column":20},"end":{"line":140,"column":38}},"33":{"start":{"line":142,"column":4},"end":{"line":142,"column":67}},"34":{"start":{"line":142,"column":18},"end":{"line":142,"column":67}},"35":{"start":{"line":144,"column":4},"end":{"line":144,"column":19}},"36":{"start":{"line":160,"column":32},"end":{"line":165,"column":10}},"37":{"start":{"line":166,"column":25},"end":{"line":166,"column":50}},"38":{"start":{"line":168,"column":21},"end":{"line":175,"column":54}},"39":{"start":{"line":176,"column":19},"end":{"line":176,"column":64}},"40":{"start":{"line":177,"column":20},"end":{"line":177,"column":34}},"41":{"start":{"line":179,"column":4},"end":{"line":179,"column":67}},"42":{"start":{"line":179,"column":18},"end":{"line":179,"column":67}},"43":{"start":{"line":181,"column":4},"end":{"line":181,"column":19}},"44":{"start":{"line":190,"column":19},"end":{"line":195,"column":17}},"45":{"start":{"line":196,"column":20},"end":{"line":196,"column":34}},"46":{"start":{"line":198,"column":4},"end":{"line":198,"column":67}},"47":{"start":{"line":198,"column":18},"end":{"line":198,"column":67}},"48":{"start":{"line":203,"column":0},"end":{"line":203,"column":25}}},"fnMap":{"0":{"name":"(anonymous_0)","decl":{"start":{"line":19,"column":2},"end":{"line":19,"column":3}},"loc":{"start":{"line":19,"column":76},"end":{"line":45,"column":3}},"line":19},"1":{"name":"(anonymous_1)","decl":{"start":{"line":52,"column":2},"end":{"line":52,"column":3}},"loc":{"start":{"line":52,"column":25},"end":{"line":62,"column":3}},"line":52},"2":{"name":"(anonymous_2)","decl":{"start":{"line":74,"column":2},"end":{"line":74,"column":3}},"loc":{"start":{"line":74,"column":36},"end":{"line":119,"column":3}},"line":74},"3":{"name":"(anonymous_3)","decl":{"start":{"line":129,"column":2},"end":{"line":129,"column":3}},"loc":{"start":{"line":129,"column":27},"end":{"line":145,"column":3}},"line":129},"4":{"name":"(anonymous_4)","decl":{"start":{"line":159,"column":2},"end":{"line":159,"column":3}},"loc":{"start":{"line":159,"column":36},"end":{"line":182,"column":3}},"line":159},"5":{"name":"(anonymous_5)","decl":{"start":{"line":189,"column":2},"end":{"line":189,"column":3}},"loc":{"start":{"line":189,"column":30},"end":{"line":199,"column":3}},"line":189}},"branchMap":{"0":{"loc":{"start":{"line":26,"column":4},"end":{"line":27,"column":64}},"type":"if","locations":[{"start":{"line":26,"column":4},"end":{"line":27,"column":64}},{"start":{},"end":{}}],"line":26},"1":{"loc":{"start":{"line":74,"column":22},"end":{"line":74,"column":34}},"type":"default-arg","locations":[{"start":{"line":74,"column":32},"end":{"line":74,"column":34}}],"line":74},"2":{"loc":{"start":{"line":79,"column":4},"end":{"line":81,"column":5}},"type":"if","locations":[{"start":{"line":79,"column":4},"end":{"line":81,"column":5}},{"start":{},"end":{}}],"line":79},"3":{"loc":{"start":{"line":93,"column":4},"end":{"line":96,"column":5}},"type":"if","locations":[{"start":{"line":93,"column":4},"end":{"line":96,"column":5}},{"start":{},"end":{}}],"line":93},"4":{"loc":{"start":{"line":98,"column":4},"end":{"line":101,"column":5}},"type":"if","locations":[{"start":{"line":98,"column":4},"end":{"line":101,"column":5}},{"start":{},"end":{}}],"line":98},"5":{"loc":{"start":{"line":103,"column":4},"end":{"line":106,"column":5}},"type":"if","locations":[{"start":{"line":103,"column":4},"end":{"line":106,"column":5}},{"start":{},"end":{}}],"line":103},"6":{"loc":{"start":{"line":109,"column":4},"end":{"line":111,"column":5}},"type":"if","locations":[{"start":{"line":109,"column":4},"end":{"line":111,"column":5}},{"start":{},"end":{}}],"line":109},"7":{"loc":{"start":{"line":142,"column":4},"end":{"line":142,"column":67}},"type":"if","locations":[{"start":{"line":142,"column":4},"end":{"line":142,"column":67}},{"start":{},"end":{}}],"line":142},"8":{"loc":{"start":{"line":179,"column":4},"end":{"line":179,"column":67}},"type":"if","locations":[{"start":{"line":179,"column":4},"end":{"line":179,"column":67}},{"start":{},"end":{}}],"line":179},"9":{"loc":{"start":{"line":198,"column":4},"end":{"line":198,"column":67}},"type":"if","locations":[{"start":{"line":198,"column":4},"end":{"line":198,"column":67}},{"start":{},"end":{}}],"line":198}},"s":{"0":8,"1":8,"2":8,"3":16,"4":16,"5":1,"6":15,"7":15,"8":15,"9":1,"10":1,"11":10,"12":10,"13":1,"14":9,"15":9,"16":9,"17":9,"18":2,"19":2,"20":9,"21":2,"22":2,"23":9,"24":2,"25":2,"26":9,"27":5,"28":9,"29":9,"30":8,"31":5,"32":5,"33":5,"34":2,"35":3,"36":6,"37":5,"38":5,"39":5,"40":5,"41":5,"42":2,"43":3,"44":4,"45":4,"46":4,"47":2,"48":8},"f":{"0":16,"1":1,"2":10,"3":5,"4":6,"5":4},"b":{"0":[1,15],"1":[1],"2":[1,9],"3":[2,7],"4":[2,7],"5":[2,7],"6":[5,4],"7":[2,3],"8":[2,3],"9":[2,2]},"_coverageSchema":"1a1c01bbd47fc00a2c39e90264f33305004495a9","hash":"fa945c2ea605eea6cc43bd05c1903ef17e643d75"}
,"/Users/stephenborutta/Documents/2021-Springboard/2021-SpringBoard Curriculum/Springboard-Exercises-Submition-Section-3/express-jobly/models/job.js": {"path":"/Users/stephenborutta/Documents/2021-Springboard/2021-SpringBoard Curriculum/Springboard-Exercises-Submition-Section-3/express-jobly/models/job.js","statementMap":{"0":{"start":{"line":3,"column":11},"end":{"line":3,"column":27}},"1":{"start":{"line":4,"column":43},"end":{"line":4,"column":69}},"2":{"start":{"line":5,"column":32},"end":{"line":5,"column":57}},"3":{"start":{"line":20,"column":29},"end":{"line":24,"column":18}},"4":{"start":{"line":26,"column":6},"end":{"line":27,"column":61}},"5":{"start":{"line":27,"column":8},"end":{"line":27,"column":61}},"6":{"start":{"line":29,"column":21},"end":{"line":40,"column":7}},"7":{"start":{"line":41,"column":22},"end":{"line":41,"column":36}},"8":{"start":{"line":43,"column":6},"end":{"line":43,"column":21}},"9":{"start":{"line":58,"column":46},"end":{"line":58,"column":53}},"10":{"start":{"line":60,"column":26},"end":{"line":64,"column":23}},"11":{"start":{"line":65,"column":22},"end":{"line":65,"column":24}},"12":{"start":{"line":66,"column":21},"end":{"line":66,"column":23}},"13":{"start":{"line":69,"column":6},"end":{"line":72,"column":7}},"14":{"start":{"line":70,"column":8},"end":{"line":70,"column":36}},"15":{"start":{"line":71,"column":8},"end":{"line":71,"column":58}},"16":{"start":{"line":74,"column":6},"end":{"line":77,"column":7}},"17":{"start":{"line":75,"column":8},"end":{"line":75,"column":33}},"18":{"start":{"line":76,"column":8},"end":{"line":76,"column":56}},"19":{"start":{"line":79,"column":6},"end":{"line":82,"column":7}},"20":{"start":{"line":81,"column":8},"end":{"line":81,"column":37}},"21":{"start":{"line":88,"column":6},"end":{"line":90,"column":7}},"22":{"start":{"line":89,"column":8},"end":{"line":89,"column":61}},"23":{"start":{"line":91,"column":6},"end":{"line":91,"column":41}},"24":{"start":{"line":95,"column":21},"end":{"line":95,"column":60}},"25":{"start":{"line":97,"column":6},"end":{"line":97,"column":25}},"26":{"start":{"line":109,"column":19},"end":{"line":116,"column":32}},"27":{"start":{"line":118,"column":16},"end":{"line":118,"column":30}},"28":{"start":{"line":120,"column":4},"end":{"line":120,"column":55}},"29":{"start":{"line":120,"column":14},"end":{"line":120,"column":55}},"30":{"start":{"line":122,"column":25},"end":{"line":129,"column":51}},"31":{"start":{"line":131,"column":4},"end":{"line":131,"column":29}},"32":{"start":{"line":132,"column":4},"end":{"line":132,"column":39}},"33":{"start":{"line":134,"column":4},"end":{"line":134,"column":15}},"34":{"start":{"line":150,"column":34},"end":{"line":152,"column":13}},"35":{"start":{"line":153,"column":23},"end":{"line":153,"column":48}},"36":{"start":{"line":155,"column":23},"end":{"line":162,"column":49}},"37":{"start":{"line":163,"column":21},"end":{"line":163,"column":62}},"38":{"start":{"line":164,"column":18},"end":{"line":164,"column":32}},"39":{"start":{"line":166,"column":6},"end":{"line":166,"column":57}},"40":{"start":{"line":166,"column":16},"end":{"line":166,"column":57}},"41":{"start":{"line":168,"column":6},"end":{"line":168,"column":17}},"42":{"start":{"line":177,"column":21},"end":{"line":182,"column":15}},"43":{"start":{"line":183,"column":18},"end":{"line":183,"column":32}},"44":{"start":{"line":185,"column":6},"end":{"line":185,"column":57}},"45":{"start":{"line":185,"column":16},"end":{"line":185,"column":57}},"46":{"start":{"line":190,"column":2},"end":{"line":190,"column":23}}},"fnMap":{"0":{"name":"(anonymous_0)","decl":{"start":{"line":19,"column":4},"end":{"line":19,"column":5}},"loc":{"start":{"line":19,"column":66},"end":{"line":44,"column":5}},"line":19},"1":{"name":"(anonymous_1)","decl":{"start":{"line":56,"column":4},"end":{"line":56,"column":5}},"loc":{"start":{"line":56,"column":38},"end":{"line":98,"column":5}},"line":56},"2":{"name":"(anonymous_2)","decl":{"start":{"line":108,"column":2},"end":{"line":108,"column":3}},"loc":{"start":{"line":108,"column":23},"end":{"line":135,"column":3}},"line":108},"3":{"name":"(anonymous_3)","decl":{"start":{"line":149,"column":4},"end":{"line":149,"column":5}},"loc":{"start":{"line":149,"column":34},"end":{"line":169,"column":5}},"line":149},"4":{"name":"(anonymous_4)","decl":{"start":{"line":176,"column":4},"end":{"line":176,"column":5}},"loc":{"start":{"line":176,"column":28},"end":{"line":186,"column":5}},"line":176}},"branchMap":{"0":{"loc":{"start":{"line":26,"column":6},"end":{"line":27,"column":61}},"type":"if","locations":[{"start":{"line":26,"column":6},"end":{"line":27,"column":61}},{"start":{},"end":{}}],"line":26},"1":{"loc":{"start":{"line":56,"column":24},"end":{"line":56,"column":36}},"type":"default-arg","locations":[{"start":{"line":56,"column":34},"end":{"line":56,"column":36}}],"line":56},"2":{"loc":{"start":{"line":69,"column":6},"end":{"line":72,"column":7}},"type":"if","locations":[{"start":{"line":69,"column":6},"end":{"line":72,"column":7}},{"start":{},"end":{}}],"line":69},"3":{"loc":{"start":{"line":74,"column":6},"end":{"line":77,"column":7}},"type":"if","locations":[{"start":{"line":74,"column":6},"end":{"line":77,"column":7}},{"start":{},"end":{}}],"line":74},"4":{"loc":{"start":{"line":79,"column":6},"end":{"line":82,"column":7}},"type":"if","locations":[{"start":{"line":79,"column":6},"end":{"line":82,"column":7}},{"start":{},"end":{}}],"line":79},"5":{"loc":{"start":{"line":88,"column":6},"end":{"line":90,"column":7}},"type":"if","locations":[{"start":{"line":88,"column":6},"end":{"line":90,"column":7}},{"start":{},"end":{}}],"line":88},"6":{"loc":{"start":{"line":120,"column":4},"end":{"line":120,"column":55}},"type":"if","locations":[{"start":{"line":120,"column":4},"end":{"line":120,"column":55}},{"start":{},"end":{}}],"line":120},"7":{"loc":{"start":{"line":166,"column":6},"end":{"line":166,"column":57}},"type":"if","locations":[{"start":{"line":166,"column":6},"end":{"line":166,"column":57}},{"start":{},"end":{}}],"line":166},"8":{"loc":{"start":{"line":185,"column":6},"end":{"line":185,"column":57}},"type":"if","locations":[{"start":{"line":185,"column":6},"end":{"line":185,"column":57}},{"start":{},"end":{}}],"line":185}},"s":{"0":7,"1":7,"2":7,"3":20,"4":20,"5":1,"6":19,"7":19,"8":19,"9":5,"10":5,"11":5,"12":5,"13":5,"14":4,"15":4,"16":5,"17":1,"18":1,"19":5,"20":0,"21":5,"22":4,"23":5,"24":5,"25":5,"26":2,"27":2,"28":2,"29":1,"30":1,"31":1,"32":1,"33":1,"34":4,"35":3,"36":3,"37":3,"38":3,"39":3,"40":1,"41":2,"42":4,"43":4,"44":4,"45":2,"46":7},"f":{"0":20,"1":5,"2":2,"3":4,"4":4},"b":{"0":[1,19],"1":[1],"2":[4,1],"3":[1,4],"4":[0,5],"5":[4,1],"6":[1,1],"7":[1,2],"8":[2,2]},"_coverageSchema":"1a1c01bbd47fc00a2c39e90264f33305004495a9","hash":"a31fcaa30d7a573c7e3e90504da99baeeffa4a47"}
,"/Users/stephenborutta/Documents/2021-Springboard/2021-SpringBoard Curriculum/Springboard-Exercises-Submition-Section-3/express-jobly/models/user.js": {"path":"/Users/stephenborutta/Documents/2021-Springboard/2021-SpringBoard Curriculum/Springboard-Exercises-Submition-Section-3/express-jobly/models/user.js","statementMap":{"0":{"start":{"line":3,"column":11},"end":{"line":3,"column":27}},"1":{"start":{"line":4,"column":15},"end":{"line":4,"column":32}},"2":{"start":{"line":5,"column":32},"end":{"line":5,"column":57}},"3":{"start":{"line":10,"column":4},"end":{"line":10,"column":30}},"4":{"start":{"line":12,"column":31},"end":{"line":12,"column":54}},"5":{"start":{"line":26,"column":19},"end":{"line":36,"column":5}},"6":{"start":{"line":38,"column":17},"end":{"line":38,"column":31}},"7":{"start":{"line":40,"column":4},"end":{"line":47,"column":5}},"8":{"start":{"line":42,"column":22},"end":{"line":42,"column":67}},"9":{"start":{"line":43,"column":6},"end":{"line":46,"column":7}},"10":{"start":{"line":44,"column":8},"end":{"line":44,"column":29}},"11":{"start":{"line":45,"column":8},"end":{"line":45,"column":20}},"12":{"start":{"line":49,"column":4},"end":{"line":49,"column":61}},"13":{"start":{"line":61,"column":27},"end":{"line":66,"column":5}},"14":{"start":{"line":68,"column":4},"end":{"line":70,"column":5}},"15":{"start":{"line":69,"column":6},"end":{"line":69,"column":67}},"16":{"start":{"line":72,"column":27},"end":{"line":72,"column":74}},"17":{"start":{"line":74,"column":19},"end":{"line":92,"column":5}},"18":{"start":{"line":94,"column":17},"end":{"line":94,"column":31}},"19":{"start":{"line":96,"column":4},"end":{"line":96,"column":16}},"20":{"start":{"line":105,"column":19},"end":{"line":113,"column":5}},"21":{"start":{"line":115,"column":4},"end":{"line":115,"column":23}},"22":{"start":{"line":127,"column":20},"end":{"line":136,"column":5}},"23":{"start":{"line":138,"column":17},"end":{"line":138,"column":32}},"24":{"start":{"line":140,"column":4},"end":{"line":140,"column":63}},"25":{"start":{"line":140,"column":15},"end":{"line":140,"column":63}},"26":{"start":{"line":142,"column":4},"end":{"line":142,"column":16}},"27":{"start":{"line":163,"column":4},"end":{"line":165,"column":5}},"28":{"start":{"line":164,"column":6},"end":{"line":164,"column":75}},"29":{"start":{"line":167,"column":32},"end":{"line":173,"column":10}},"30":{"start":{"line":174,"column":27},"end":{"line":174,"column":52}},"31":{"start":{"line":176,"column":21},"end":{"line":183,"column":54}},"32":{"start":{"line":184,"column":19},"end":{"line":184,"column":66}},"33":{"start":{"line":185,"column":17},"end":{"line":185,"column":31}},"34":{"start":{"line":187,"column":4},"end":{"line":187,"column":63}},"35":{"start":{"line":187,"column":15},"end":{"line":187,"column":63}},"36":{"start":{"line":189,"column":4},"end":{"line":189,"column":25}},"37":{"start":{"line":190,"column":4},"end":{"line":190,"column":16}},"38":{"start":{"line":196,"column":17},"end":{"line":202,"column":5}},"39":{"start":{"line":203,"column":17},"end":{"line":203,"column":31}},"40":{"start":{"line":205,"column":4},"end":{"line":205,"column":63}},"41":{"start":{"line":205,"column":15},"end":{"line":205,"column":63}},"42":{"start":{"line":215,"column":21},"end":{"line":218,"column":35}},"43":{"start":{"line":219,"column":16},"end":{"line":219,"column":32}},"44":{"start":{"line":221,"column":4},"end":{"line":221,"column":58}},"45":{"start":{"line":221,"column":14},"end":{"line":221,"column":58}},"46":{"start":{"line":223,"column":22},"end":{"line":226,"column":44}},"47":{"start":{"line":227,"column":17},"end":{"line":227,"column":34}},"48":{"start":{"line":229,"column":4},"end":{"line":229,"column":67}},"49":{"start":{"line":229,"column":15},"end":{"line":229,"column":67}},"50":{"start":{"line":232,"column":4},"end":{"line":235,"column":27}},"51":{"start":{"line":241,"column":0},"end":{"line":241,"column":22}}},"fnMap":{"0":{"name":"(anonymous_0)","decl":{"start":{"line":24,"column":2},"end":{"line":24,"column":3}},"loc":{"start":{"line":24,"column":48},"end":{"line":50,"column":3}},"line":24},"1":{"name":"(anonymous_1)","decl":{"start":{"line":59,"column":2},"end":{"line":59,"column":3}},"loc":{"start":{"line":60,"column":67},"end":{"line":97,"column":3}},"line":60},"2":{"name":"(anonymous_2)","decl":{"start":{"line":104,"column":2},"end":{"line":104,"column":3}},"loc":{"start":{"line":104,"column":25},"end":{"line":116,"column":3}},"line":104},"3":{"name":"(anonymous_3)","decl":{"start":{"line":126,"column":2},"end":{"line":126,"column":3}},"loc":{"start":{"line":126,"column":29},"end":{"line":143,"column":3}},"line":126},"4":{"name":"(anonymous_4)","decl":{"start":{"line":162,"column":2},"end":{"line":162,"column":3}},"loc":{"start":{"line":162,"column":38},"end":{"line":191,"column":3}},"line":162},"5":{"name":"(anonymous_5)","decl":{"start":{"line":195,"column":2},"end":{"line":195,"column":3}},"loc":{"start":{"line":195,"column":32},"end":{"line":206,"column":3}},"line":195},"6":{"name":"(anonymous_6)","decl":{"start":{"line":214,"column":3},"end":{"line":214,"column":4}},"loc":{"start":{"line":214,"column":44},"end":{"line":236,"column":3}},"line":214}},"branchMap":{"0":{"loc":{"start":{"line":40,"column":4},"end":{"line":47,"column":5}},"type":"if","locations":[{"start":{"line":40,"column":4},"end":{"line":47,"column":5}},{"start":{},"end":{}}],"line":40},"1":{"loc":{"start":{"line":43,"column":6},"end":{"line":46,"column":7}},"type":"if","locations":[{"start":{"line":43,"column":6},"end":{"line":46,"column":7}},{"start":{},"end":{}}],"line":43},"2":{"loc":{"start":{"line":68,"column":4},"end":{"line":70,"column":5}},"type":"if","locations":[{"start":{"line":68,"column":4},"end":{"line":70,"column":5}},{"start":{},"end":{}}],"line":68},"3":{"loc":{"start":{"line":140,"column":4},"end":{"line":140,"column":63}},"type":"if","locations":[{"start":{"line":140,"column":4},"end":{"line":140,"column":63}},{"start":{},"end":{}}],"line":140},"4":{"loc":{"start":{"line":163,"column":4},"end":{"line":165,"column":5}},"type":"if","locations":[{"start":{"line":163,"column":4},"end":{"line":165,"column":5}},{"start":{},"end":{}}],"line":163},"5":{"loc":{"start":{"line":187,"column":4},"end":{"line":187,"column":63}},"type":"if","locations":[{"start":{"line":187,"column":4},"end":{"line":187,"column":63}},{"start":{},"end":{}}],"line":187},"6":{"loc":{"start":{"line":205,"column":4},"end":{"line":205,"column":63}},"type":"if","locations":[{"start":{"line":205,"column":4},"end":{"line":205,"column":63}},{"start":{},"end":{}}],"line":205},"7":{"loc":{"start":{"line":221,"column":4},"end":{"line":221,"column":58}},"type":"if","locations":[{"start":{"line":221,"column":4},"end":{"line":221,"column":58}},{"start":{},"end":{}}],"line":221},"8":{"loc":{"start":{"line":229,"column":4},"end":{"line":229,"column":67}},"type":"if","locations":[{"start":{"line":229,"column":4},"end":{"line":229,"column":67}},{"start":{},"end":{}}],"line":229}},"s":{"0":8,"1":8,"2":8,"3":8,"4":8,"5":7,"6":7,"7":7,"8":4,"9":4,"10":3,"11":3,"12":4,"13":19,"14":19,"15":1,"16":18,"17":18,"18":18,"19":18,"20":3,"21":2,"22":4,"23":4,"24":4,"25":2,"26":2,"27":7,"28":2,"29":7,"30":6,"31":6,"32":6,"33":6,"34":6,"35":2,"36":4,"37":4,"38":4,"39":4,"40":4,"41":2,"42":0,"43":0,"44":0,"45":0,"46":0,"47":0,"48":0,"49":0,"50":0,"51":8},"f":{"0":7,"1":19,"2":3,"3":4,"4":7,"5":4,"6":0},"b":{"0":[4,3],"1":[3,1],"2":[1,18],"3":[2,2],"4":[2,5],"5":[2,4],"6":[2,2],"7":[0,0],"8":[0,0]},"_coverageSchema":"1a1c01bbd47fc00a2c39e90264f33305004495a9","hash":"49ecbc6c55111d275caba45c053f7a6b8f248818"}
,"/Users/stephenborutta/Documents/2021-Springboard/2021-SpringBoard Curriculum/Springboard-Exercises-Submition-Section-3/express-jobly/routes/_testCommon.js": {"path":"/Users/stephenborutta/Documents/2021-Springboard/2021-SpringBoard Curriculum/Springboard-Exercises-Submition-Section-3/express-jobly/routes/_testCommon.js","statementMap":{"0":{"start":{"line":3,"column":11},"end":{"line":3,"column":30}},"1":{"start":{"line":4,"column":13},"end":{"line":4,"column":38}},"2":{"start":{"line":5,"column":16},"end":{"line":5,"column":44}},"3":{"start":{"line":6,"column":12},"end":{"line":6,"column":36}},"4":{"start":{"line":7,"column":24},"end":{"line":7,"column":52}},"5":{"start":{"line":9,"column":19},"end":{"line":9,"column":21}},"6":{"start":{"line":13,"column":2},"end":{"line":13,"column":38}},"7":{"start":{"line":15,"column":2},"end":{"line":15,"column":42}},"8":{"start":{"line":17,"column":2},"end":{"line":24,"column":9}},"9":{"start":{"line":25,"column":2},"end":{"line":32,"column":9}},"10":{"start":{"line":33,"column":2},"end":{"line":40,"column":9}},"11":{"start":{"line":42,"column":2},"end":{"line":49,"column":5}},"12":{"start":{"line":50,"column":2},"end":{"line":57,"column":5}},"13":{"start":{"line":58,"column":2},"end":{"line":65,"column":5}},"14":{"start":{"line":67,"column":2},"end":{"line":71,"column":26}},"15":{"start":{"line":74,"column":0},"end":{"line":75,"column":71}},"16":{"start":{"line":76,"column":0},"end":{"line":77,"column":71}},"17":{"start":{"line":78,"column":0},"end":{"line":79,"column":70}},"18":{"start":{"line":84,"column":2},"end":{"line":84,"column":26}},"19":{"start":{"line":88,"column":2},"end":{"line":88,"column":29}},"20":{"start":{"line":92,"column":2},"end":{"line":92,"column":17}},"21":{"start":{"line":96,"column":16},"end":{"line":96,"column":62}},"22":{"start":{"line":97,"column":16},"end":{"line":97,"column":63}},"23":{"start":{"line":100,"column":0},"end":{"line":108,"column":2}}},"fnMap":{"0":{"name":"commonBeforeAll","decl":{"start":{"line":11,"column":15},"end":{"line":11,"column":30}},"loc":{"start":{"line":11,"column":33},"end":{"line":80,"column":1}},"line":11},"1":{"name":"commonBeforeEach","decl":{"start":{"line":83,"column":15},"end":{"line":83,"column":31}},"loc":{"start":{"line":83,"column":34},"end":{"line":85,"column":1}},"line":83},"2":{"name":"commonAfterEach","decl":{"start":{"line":87,"column":15},"end":{"line":87,"column":30}},"loc":{"start":{"line":87,"column":33},"end":{"line":89,"column":1}},"line":87},"3":{"name":"commonAfterAll","decl":{"start":{"line":91,"column":15},"end":{"line":91,"column":29}},"loc":{"start":{"line":91,"column":32},"end":{"line":93,"column":1}},"line":91}},"branchMap":{},"s":{"0":4,"1":4,"2":4,"3":4,"4":4,"5":4,"6":4,"7":4,"8":4,"9":4,"10":4,"11":4,"12":4,"13":4,"14":4,"15":4,"16":4,"17":4,"18":59,"19":59,"20":4,"21":4,"22":4,"23":4},"f":{"0":4,"1":59,"2":59,"3":4},"b":{},"_coverageSchema":"1a1c01bbd47fc00a2c39e90264f33305004495a9","hash":"70e04c21a5f6ed3aac61f4679699790a06616f4f"}
,"/Users/stephenborutta/Documents/2021-Springboard/2021-SpringBoard Curriculum/Springboard-Exercises-Submition-Section-3/express-jobly/routes/auth.js": {"path":"/Users/stephenborutta/Documents/2021-Springboard/2021-SpringBoard Curriculum/Springboard-Exercises-Submition-Section-3/express-jobly/routes/auth.js","statementMap":{"0":{"start":{"line":5,"column":19},"end":{"line":5,"column":40}},"1":{"start":{"line":7,"column":13},"end":{"line":7,"column":38}},"2":{"start":{"line":8,"column":16},"end":{"line":8,"column":34}},"3":{"start":{"line":9,"column":15},"end":{"line":9,"column":35}},"4":{"start":{"line":10,"column":24},"end":{"line":10,"column":52}},"5":{"start":{"line":11,"column":23},"end":{"line":11,"column":58}},"6":{"start":{"line":12,"column":27},"end":{"line":12,"column":66}},"7":{"start":{"line":13,"column":28},"end":{"line":13,"column":54}},"8":{"start":{"line":22,"column":0},"end":{"line":37,"column":3}},"9":{"start":{"line":23,"column":2},"end":{"line":36,"column":3}},"10":{"start":{"line":24,"column":22},"end":{"line":24,"column":67}},"11":{"start":{"line":25,"column":4},"end":{"line":28,"column":5}},"12":{"start":{"line":26,"column":19},"end":{"line":26,"column":53}},"13":{"start":{"line":26,"column":45},"end":{"line":26,"column":52}},"14":{"start":{"line":27,"column":6},"end":{"line":27,"column":38}},"15":{"start":{"line":30,"column":35},"end":{"line":30,"column":43}},"16":{"start":{"line":31,"column":17},"end":{"line":31,"column":60}},"17":{"start":{"line":32,"column":18},"end":{"line":32,"column":35}},"18":{"start":{"line":33,"column":4},"end":{"line":33,"column":31}},"19":{"start":{"line":35,"column":4},"end":{"line":35,"column":21}},"20":{"start":{"line":49,"column":0},"end":{"line":63,"column":3}},"21":{"start":{"line":50,"column":2},"end":{"line":62,"column":3}},"22":{"start":{"line":51,"column":22},"end":{"line":51,"column":71}},"23":{"start":{"line":52,"column":4},"end":{"line":55,"column":5}},"24":{"start":{"line":53,"column":19},"end":{"line":53,"column":53}},"25":{"start":{"line":53,"column":45},"end":{"line":53,"column":52}},"26":{"start":{"line":54,"column":6},"end":{"line":54,"column":38}},"27":{"start":{"line":57,"column":20},"end":{"line":57,"column":72}},"28":{"start":{"line":58,"column":18},"end":{"line":58,"column":38}},"29":{"start":{"line":59,"column":4},"end":{"line":59,"column":43}},"30":{"start":{"line":61,"column":4},"end":{"line":61,"column":21}},"31":{"start":{"line":66,"column":0},"end":{"line":66,"column":24}}},"fnMap":{"0":{"name":"(anonymous_0)","decl":{"start":{"line":22,"column":22},"end":{"line":22,"column":23}},"loc":{"start":{"line":22,"column":54},"end":{"line":37,"column":1}},"line":22},"1":{"name":"(anonymous_1)","decl":{"start":{"line":26,"column":40},"end":{"line":26,"column":41}},"loc":{"start":{"line":26,"column":45},"end":{"line":26,"column":52}},"line":26},"2":{"name":"(anonymous_2)","decl":{"start":{"line":49,"column":25},"end":{"line":49,"column":26}},"loc":{"start":{"line":49,"column":57},"end":{"line":63,"column":1}},"line":49},"3":{"name":"(anonymous_3)","decl":{"start":{"line":53,"column":40},"end":{"line":53,"column":41}},"loc":{"start":{"line":53,"column":45},"end":{"line":53,"column":52}},"line":53}},"branchMap":{"0":{"loc":{"start":{"line":25,"column":4},"end":{"line":28,"column":5}},"type":"if","locations":[{"start":{"line":25,"column":4},"end":{"line":28,"column":5}},{"start":{},"end":{}}],"line":25},"1":{"loc":{"start":{"line":52,"column":4},"end":{"line":55,"column":5}},"type":"if","locations":[{"start":{"line":52,"column":4},"end":{"line":55,"column":5}},{"start":{},"end":{}}],"line":52}},"s":{"0":7,"1":7,"2":7,"3":7,"4":7,"5":7,"6":7,"7":7,"8":7,"9":5,"10":5,"11":5,"12":2,"13":2,"14":2,"15":3,"16":3,"17":1,"18":1,"19":4,"20":7,"21":3,"22":3,"23":3,"24":2,"25":5,"26":2,"27":1,"28":1,"29":1,"30":2,"31":7},"f":{"0":5,"1":2,"2":3,"3":5},"b":{"0":[2,3],"1":[2,1]},"_coverageSchema":"1a1c01bbd47fc00a2c39e90264f33305004495a9","hash":"924dab2d30b525ceef084f39e1ff91f99d955209"}
,"/Users/stephenborutta/Documents/2021-Springboard/2021-SpringBoard Curriculum/Springboard-Exercises-Submition-Section-3/express-jobly/routes/companies.js": {"path":"/Users/stephenborutta/Documents/2021-Springboard/2021-SpringBoard Curriculum/Springboard-Exercises-Submition-Section-3/express-jobly/routes/companies.js","statementMap":{"0":{"start":{"line":5,"column":19},"end":{"line":5,"column":40}},"1":{"start":{"line":6,"column":16},"end":{"line":6,"column":34}},"2":{"start":{"line":8,"column":28},"end":{"line":8,"column":54}},"3":{"start":{"line":9,"column":61},"end":{"line":9,"column":90}},"4":{"start":{"line":10,"column":16},"end":{"line":10,"column":44}},"5":{"start":{"line":12,"column":25},"end":{"line":12,"column":62}},"6":{"start":{"line":13,"column":28},"end":{"line":13,"column":68}},"7":{"start":{"line":14,"column":28},"end":{"line":14,"column":68}},"8":{"start":{"line":16,"column":15},"end":{"line":16,"column":35}},"9":{"start":{"line":28,"column":0},"end":{"line":41,"column":3}},"10":{"start":{"line":29,"column":2},"end":{"line":40,"column":3}},"11":{"start":{"line":30,"column":22},"end":{"line":30,"column":69}},"12":{"start":{"line":31,"column":4},"end":{"line":34,"column":5}},"13":{"start":{"line":32,"column":19},"end":{"line":32,"column":53}},"14":{"start":{"line":32,"column":45},"end":{"line":32,"column":52}},"15":{"start":{"line":33,"column":6},"end":{"line":33,"column":38}},"16":{"start":{"line":36,"column":20},"end":{"line":36,"column":50}},"17":{"start":{"line":37,"column":4},"end":{"line":37,"column":45}},"18":{"start":{"line":39,"column":4},"end":{"line":39,"column":21}},"19":{"start":{"line":54,"column":0},"end":{"line":75,"column":3}},"20":{"start":{"line":55,"column":2},"end":{"line":74,"column":3}},"21":{"start":{"line":57,"column":18},"end":{"line":57,"column":27}},"22":{"start":{"line":58,"column":4},"end":{"line":58,"column":82}},"23":{"start":{"line":58,"column":42},"end":{"line":58,"column":82}},"24":{"start":{"line":59,"column":4},"end":{"line":59,"column":82}},"25":{"start":{"line":59,"column":42},"end":{"line":59,"column":82}},"26":{"start":{"line":62,"column":22},"end":{"line":62,"column":69}},"27":{"start":{"line":63,"column":4},"end":{"line":66,"column":5}},"28":{"start":{"line":64,"column":19},"end":{"line":64,"column":53}},"29":{"start":{"line":64,"column":45},"end":{"line":64,"column":52}},"30":{"start":{"line":65,"column":6},"end":{"line":65,"column":38}},"31":{"start":{"line":69,"column":22},"end":{"line":69,"column":49}},"32":{"start":{"line":71,"column":4},"end":{"line":71,"column":35}},"33":{"start":{"line":73,"column":4},"end":{"line":73,"column":21}},"34":{"start":{"line":85,"column":0},"end":{"line":92,"column":3}},"35":{"start":{"line":86,"column":2},"end":{"line":91,"column":3}},"36":{"start":{"line":87,"column":20},"end":{"line":87,"column":56}},"37":{"start":{"line":88,"column":4},"end":{"line":88,"column":33}},"38":{"start":{"line":90,"column":4},"end":{"line":90,"column":21}},"39":{"start":{"line":105,"column":0},"end":{"line":118,"column":3}},"40":{"start":{"line":106,"column":2},"end":{"line":117,"column":3}},"41":{"start":{"line":107,"column":22},"end":{"line":107,"column":72}},"42":{"start":{"line":108,"column":4},"end":{"line":111,"column":5}},"43":{"start":{"line":109,"column":19},"end":{"line":109,"column":53}},"44":{"start":{"line":109,"column":45},"end":{"line":109,"column":52}},"45":{"start":{"line":110,"column":6},"end":{"line":110,"column":38}},"46":{"start":{"line":113,"column":20},"end":{"line":113,"column":69}},"47":{"start":{"line":114,"column":4},"end":{"line":114,"column":33}},"48":{"start":{"line":116,"column":4},"end":{"line":116,"column":21}},"49":{"start":{"line":125,"column":0},"end":{"line":132,"column":3}},"50":{"start":{"line":126,"column":2},"end":{"line":131,"column":3}},"51":{"start":{"line":127,"column":4},"end":{"line":127,"column":44}},"52":{"start":{"line":128,"column":4},"end":{"line":128,"column":52}},"53":{"start":{"line":130,"column":4},"end":{"line":130,"column":21}},"54":{"start":{"line":135,"column":0},"end":{"line":135,"column":24}}},"fnMap":{"0":{"name":"(anonymous_0)","decl":{"start":{"line":28,"column":51},"end":{"line":28,"column":52}},"loc":{"start":{"line":28,"column":83},"end":{"line":41,"column":1}},"line":28},"1":{"name":"(anonymous_1)","decl":{"start":{"line":32,"column":40},"end":{"line":32,"column":41}},"loc":{"start":{"line":32,"column":45},"end":{"line":32,"column":52}},"line":32},"2":{"name":"(anonymous_2)","decl":{"start":{"line":54,"column":16},"end":{"line":54,"column":17}},"loc":{"start":{"line":54,"column":48},"end":{"line":75,"column":1}},"line":54},"3":{"name":"(anonymous_3)","decl":{"start":{"line":64,"column":40},"end":{"line":64,"column":41}},"loc":{"start":{"line":64,"column":45},"end":{"line":64,"column":52}},"line":64},"4":{"name":"(anonymous_4)","decl":{"start":{"line":85,"column":23},"end":{"line":85,"column":24}},"loc":{"start":{"line":85,"column":55},"end":{"line":92,"column":1}},"line":85},"5":{"name":"(anonymous_5)","decl":{"start":{"line":105,"column":59},"end":{"line":105,"column":60}},"loc":{"start":{"line":105,"column":91},"end":{"line":118,"column":1}},"line":105},"6":{"name":"(anonymous_6)","decl":{"start":{"line":109,"column":40},"end":{"line":109,"column":41}},"loc":{"start":{"line":109,"column":45},"end":{"line":109,"column":52}},"line":109},"7":{"name":"(anonymous_7)","decl":{"start":{"line":125,"column":60},"end":{"line":125,"column":61}},"loc":{"start":{"line":125,"column":92},"end":{"line":132,"column":1}},"line":125}},"branchMap":{"0":{"loc":{"start":{"line":31,"column":4},"end":{"line":34,"column":5}},"type":"if","locations":[{"start":{"line":31,"column":4},"end":{"line":34,"column":5}},{"start":{},"end":{}}],"line":31},"1":{"loc":{"start":{"line":58,"column":4},"end":{"line":58,"column":82}},"type":"if","locations":[{"start":{"line":58,"column":4},"end":{"line":58,"column":82}},{"start":{},"end":{}}],"line":58},"2":{"loc":{"start":{"line":59,"column":4},"end":{"line":59,"column":82}},"type":"if","locations":[{"start":{"line":59,"column":4},"end":{"line":59,"column":82}},{"start":{},"end":{}}],"line":59},"3":{"loc":{"start":{"line":63,"column":4},"end":{"line":66,"column":5}},"type":"if","locations":[{"start":{"line":63,"column":4},"end":{"line":66,"column":5}},{"start":{},"end":{}}],"line":63},"4":{"loc":{"start":{"line":108,"column":4},"end":{"line":111,"column":5}},"type":"if","locations":[{"start":{"line":108,"column":4},"end":{"line":111,"column":5}},{"start":{},"end":{}}],"line":108}},"s":{"0":7,"1":7,"2":7,"3":7,"4":7,"5":7,"6":7,"7":7,"8":7,"9":7,"10":3,"11":3,"12":3,"13":2,"14":3,"15":2,"16":1,"17":1,"18":2,"19":7,"20":2,"21":2,"22":2,"23":0,"24":2,"25":0,"26":2,"27":2,"28":0,"29":0,"30":0,"31":2,"32":1,"33":1,"34":7,"35":3,"36":3,"37":2,"38":1,"39":7,"40":4,"41":4,"42":4,"43":2,"44":2,"45":2,"46":2,"47":1,"48":3,"49":7,"50":2,"51":2,"52":1,"53":1,"54":7},"f":{"0":3,"1":3,"2":2,"3":0,"4":3,"5":4,"6":2,"7":2},"b":{"0":[2,1],"1":[0,2],"2":[0,2],"3":[0,2],"4":[2,2]},"_coverageSchema":"1a1c01bbd47fc00a2c39e90264f33305004495a9","hash":"712ebc7922f82fd4a561f4cee06e0a9df93013b8"}
,"/Users/stephenborutta/Documents/2021-Springboard/2021-SpringBoard Curriculum/Springboard-Exercises-Submition-Section-3/express-jobly/routes/jobs.js": {"path":"/Users/stephenborutta/Documents/2021-Springboard/2021-SpringBoard Curriculum/Springboard-Exercises-Submition-Section-3/express-jobly/routes/jobs.js","statementMap":{"0":{"start":{"line":5,"column":19},"end":{"line":5,"column":40}},"1":{"start":{"line":6,"column":16},"end":{"line":6,"column":34}},"2":{"start":{"line":8,"column":28},"end":{"line":8,"column":54}},"3":{"start":{"line":9,"column":61},"end":{"line":9,"column":90}},"4":{"start":{"line":10,"column":12},"end":{"line":10,"column":36}},"5":{"start":{"line":12,"column":25},"end":{"line":12,"column":62}},"6":{"start":{"line":13,"column":28},"end":{"line":13,"column":68}},"7":{"start":{"line":14,"column":28},"end":{"line":14,"column":68}},"8":{"start":{"line":15,"column":21},"end":{"line":15,"column":60}},"9":{"start":{"line":16,"column":24},"end":{"line":16,"column":60}},"10":{"start":{"line":17,"column":24},"end":{"line":17,"column":60}},"11":{"start":{"line":19,"column":15},"end":{"line":19,"column":35}},"12":{"start":{"line":29,"column":0},"end":{"line":43,"column":5}},"13":{"start":{"line":30,"column":4},"end":{"line":42,"column":5}},"14":{"start":{"line":32,"column":24},"end":{"line":32,"column":67}},"15":{"start":{"line":33,"column":6},"end":{"line":36,"column":7}},"16":{"start":{"line":34,"column":21},"end":{"line":34,"column":55}},"17":{"start":{"line":34,"column":47},"end":{"line":34,"column":54}},"18":{"start":{"line":35,"column":8},"end":{"line":35,"column":40}},"19":{"start":{"line":38,"column":18},"end":{"line":38,"column":44}},"20":{"start":{"line":39,"column":6},"end":{"line":39,"column":43}},"21":{"start":{"line":41,"column":6},"end":{"line":41,"column":23}},"22":{"start":{"line":56,"column":1},"end":{"line":78,"column":5}},"23":{"start":{"line":57,"column":4},"end":{"line":77,"column":5}},"24":{"start":{"line":59,"column":20},"end":{"line":59,"column":29}},"25":{"start":{"line":60,"column":6},"end":{"line":60,"column":75}},"26":{"start":{"line":60,"column":41},"end":{"line":60,"column":75}},"27":{"start":{"line":61,"column":6},"end":{"line":61,"column":50}},"28":{"start":{"line":65,"column":24},"end":{"line":65,"column":67}},"29":{"start":{"line":66,"column":6},"end":{"line":69,"column":7}},"30":{"start":{"line":67,"column":21},"end":{"line":67,"column":55}},"31":{"start":{"line":67,"column":47},"end":{"line":67,"column":54}},"32":{"start":{"line":68,"column":8},"end":{"line":68,"column":40}},"33":{"start":{"line":72,"column":19},"end":{"line":72,"column":42}},"34":{"start":{"line":74,"column":6},"end":{"line":74,"column":32}},"35":{"start":{"line":76,"column":6},"end":{"line":76,"column":23}},"36":{"start":{"line":88,"column":1},"end":{"line":95,"column":5}},"37":{"start":{"line":89,"column":4},"end":{"line":94,"column":5}},"38":{"start":{"line":90,"column":18},"end":{"line":90,"column":46}},"39":{"start":{"line":91,"column":6},"end":{"line":91,"column":31}},"40":{"start":{"line":93,"column":6},"end":{"line":93,"column":23}},"41":{"start":{"line":106,"column":0},"end":{"line":119,"column":5}},"42":{"start":{"line":107,"column":4},"end":{"line":118,"column":5}},"43":{"start":{"line":108,"column":24},"end":{"line":108,"column":70}},"44":{"start":{"line":109,"column":6},"end":{"line":112,"column":7}},"45":{"start":{"line":110,"column":21},"end":{"line":110,"column":55}},"46":{"start":{"line":110,"column":47},"end":{"line":110,"column":54}},"47":{"start":{"line":111,"column":8},"end":{"line":111,"column":40}},"48":{"start":{"line":114,"column":18},"end":{"line":114,"column":59}},"49":{"start":{"line":115,"column":6},"end":{"line":115,"column":31}},"50":{"start":{"line":117,"column":6},"end":{"line":117,"column":23}},"51":{"start":{"line":127,"column":0},"end":{"line":134,"column":5}},"52":{"start":{"line":128,"column":4},"end":{"line":133,"column":5}},"53":{"start":{"line":129,"column":6},"end":{"line":129,"column":38}},"54":{"start":{"line":130,"column":6},"end":{"line":130,"column":51}},"55":{"start":{"line":132,"column":6},"end":{"line":132,"column":23}},"56":{"start":{"line":137,"column":0},"end":{"line":137,"column":24}}},"fnMap":{"0":{"name":"(anonymous_0)","decl":{"start":{"line":29,"column":51},"end":{"line":29,"column":52}},"loc":{"start":{"line":29,"column":83},"end":{"line":43,"column":3}},"line":29},"1":{"name":"(anonymous_1)","decl":{"start":{"line":34,"column":42},"end":{"line":34,"column":43}},"loc":{"start":{"line":34,"column":47},"end":{"line":34,"column":54}},"line":34},"2":{"name":"(anonymous_2)","decl":{"start":{"line":56,"column":17},"end":{"line":56,"column":18}},"loc":{"start":{"line":56,"column":49},"end":{"line":78,"column":3}},"line":56},"3":{"name":"(anonymous_3)","decl":{"start":{"line":67,"column":42},"end":{"line":67,"column":43}},"loc":{"start":{"line":67,"column":47},"end":{"line":67,"column":54}},"line":67},"4":{"name":"(anonymous_4)","decl":{"start":{"line":88,"column":20},"end":{"line":88,"column":21}},"loc":{"start":{"line":88,"column":52},"end":{"line":95,"column":3}},"line":88},"5":{"name":"(anonymous_5)","decl":{"start":{"line":106,"column":55},"end":{"line":106,"column":56}},"loc":{"start":{"line":106,"column":87},"end":{"line":119,"column":3}},"line":106},"6":{"name":"(anonymous_6)","decl":{"start":{"line":110,"column":42},"end":{"line":110,"column":43}},"loc":{"start":{"line":110,"column":47},"end":{"line":110,"column":54}},"line":110},"7":{"name":"(anonymous_7)","decl":{"start":{"line":127,"column":56},"end":{"line":127,"column":57}},"loc":{"start":{"line":127,"column":88},"end":{"line":134,"column":3}},"line":127}},"branchMap":{"0":{"loc":{"start":{"line":33,"column":6},"end":{"line":36,"column":7}},"type":"if","locations":[{"start":{"line":33,"column":6},"end":{"line":36,"column":7}},{"start":{},"end":{}}],"line":33},"1":{"loc":{"start":{"line":60,"column":6},"end":{"line":60,"column":75}},"type":"if","locations":[{"start":{"line":60,"column":6},"end":{"line":60,"column":75}},{"start":{},"end":{}}],"line":60},"2":{"loc":{"start":{"line":66,"column":6},"end":{"line":69,"column":7}},"type":"if","locations":[{"start":{"line":66,"column":6},"end":{"line":69,"column":7}},{"start":{},"end":{}}],"line":66},"3":{"loc":{"start":{"line":109,"column":6},"end":{"line":112,"column":7}},"type":"if","locations":[{"start":{"line":109,"column":6},"end":{"line":112,"column":7}},{"start":{},"end":{}}],"line":109}},"s":{"0":7,"1":7,"2":7,"3":7,"4":7,"5":7,"6":7,"7":7,"8":7,"9":7,"10":7,"11":7,"12":7,"13":3,"14":3,"15":3,"16":2,"17":3,"18":2,"19":1,"20":1,"21":2,"22":7,"23":4,"24":4,"25":4,"26":0,"27":4,"28":4,"29":4,"30":2,"31":2,"32":2,"33":2,"34":2,"35":2,"36":7,"37":0,"38":0,"39":0,"40":0,"41":7,"42":4,"43":4,"44":4,"45":3,"46":6,"47":3,"48":1,"49":1,"50":3,"51":7,"52":2,"53":2,"54":1,"55":1,"56":7},"f":{"0":3,"1":3,"2":4,"3":2,"4":0,"5":4,"6":6,"7":2},"b":{"0":[2,1],"1":[0,4],"2":[2,2],"3":[3,1]},"_coverageSchema":"1a1c01bbd47fc00a2c39e90264f33305004495a9","hash":"812a3d8d1b51ef6bf5c49633a11cf51a6d25d588"}
,"/Users/stephenborutta/Documents/2021-Springboard/2021-SpringBoard Curriculum/Springboard-Exercises-Submition-Section-3/express-jobly/routes/users.js": {"path":"/Users/stephenborutta/Documents/2021-Springboard/2021-SpringBoard Curriculum/Springboard-Exercises-Submition-Section-3/express-jobly/routes/users.js","statementMap":{"0":{"start":{"line":5,"column":19},"end":{"line":5,"column":40}},"1":{"start":{"line":7,"column":16},"end":{"line":7,"column":34}},"2":{"start":{"line":8,"column":61},"end":{"line":8,"column":90}},"3":{"start":{"line":9,"column":28},"end":{"line":9,"column":54}},"4":{"start":{"line":10,"column":13},"end":{"line":10,"column":38}},"5":{"start":{"line":11,"column":24},"end":{"line":11,"column":52}},"6":{"start":{"line":12,"column":22},"end":{"line":12,"column":56}},"7":{"start":{"line":13,"column":25},"end":{"line":13,"column":62}},"8":{"start":{"line":15,"column":15},"end":{"line":15,"column":31}},"9":{"start":{"line":30,"column":0},"end":{"line":44,"column":3}},"10":{"start":{"line":31,"column":2},"end":{"line":43,"column":3}},"11":{"start":{"line":32,"column":22},"end":{"line":32,"column":66}},"12":{"start":{"line":33,"column":4},"end":{"line":36,"column":5}},"13":{"start":{"line":34,"column":19},"end":{"line":34,"column":53}},"14":{"start":{"line":34,"column":45},"end":{"line":34,"column":52}},"15":{"start":{"line":35,"column":6},"end":{"line":35,"column":38}},"16":{"start":{"line":38,"column":17},"end":{"line":38,"column":46}},"17":{"start":{"line":39,"column":18},"end":{"line":39,"column":35}},"18":{"start":{"line":40,"column":4},"end":{"line":40,"column":49}},"19":{"start":{"line":42,"column":4},"end":{"line":42,"column":21}},"20":{"start":{"line":54,"column":0},"end":{"line":61,"column":3}},"21":{"start":{"line":55,"column":2},"end":{"line":60,"column":3}},"22":{"start":{"line":56,"column":18},"end":{"line":56,"column":38}},"23":{"start":{"line":57,"column":4},"end":{"line":57,"column":31}},"24":{"start":{"line":59,"column":4},"end":{"line":59,"column":21}},"25":{"start":{"line":71,"column":0},"end":{"line":78,"column":3}},"26":{"start":{"line":72,"column":2},"end":{"line":77,"column":3}},"27":{"start":{"line":73,"column":17},"end":{"line":73,"column":52}},"28":{"start":{"line":74,"column":4},"end":{"line":74,"column":30}},"29":{"start":{"line":76,"column":4},"end":{"line":76,"column":21}},"30":{"start":{"line":91,"column":0},"end":{"line":104,"column":3}},"31":{"start":{"line":92,"column":2},"end":{"line":103,"column":3}},"32":{"start":{"line":93,"column":22},"end":{"line":93,"column":69}},"33":{"start":{"line":94,"column":4},"end":{"line":97,"column":5}},"34":{"start":{"line":95,"column":19},"end":{"line":95,"column":53}},"35":{"start":{"line":95,"column":45},"end":{"line":95,"column":52}},"36":{"start":{"line":96,"column":6},"end":{"line":96,"column":38}},"37":{"start":{"line":99,"column":17},"end":{"line":99,"column":65}},"38":{"start":{"line":100,"column":4},"end":{"line":100,"column":30}},"39":{"start":{"line":102,"column":4},"end":{"line":102,"column":21}},"40":{"start":{"line":112,"column":0},"end":{"line":119,"column":3}},"41":{"start":{"line":113,"column":2},"end":{"line":118,"column":3}},"42":{"start":{"line":114,"column":4},"end":{"line":114,"column":43}},"43":{"start":{"line":115,"column":4},"end":{"line":115,"column":54}},"44":{"start":{"line":117,"column":4},"end":{"line":117,"column":21}},"45":{"start":{"line":128,"column":1},"end":{"line":136,"column":3}},"46":{"start":{"line":129,"column":2},"end":{"line":135,"column":3}},"47":{"start":{"line":130,"column":18},"end":{"line":130,"column":32}},"48":{"start":{"line":131,"column":4},"end":{"line":131,"column":54}},"49":{"start":{"line":132,"column":4},"end":{"line":132,"column":40}},"50":{"start":{"line":134,"column":4},"end":{"line":134,"column":21}},"51":{"start":{"line":137,"column":0},"end":{"line":137,"column":24}}},"fnMap":{"0":{"name":"(anonymous_0)","decl":{"start":{"line":30,"column":50},"end":{"line":30,"column":51}},"loc":{"start":{"line":30,"column":82},"end":{"line":44,"column":1}},"line":30},"1":{"name":"(anonymous_1)","decl":{"start":{"line":34,"column":40},"end":{"line":34,"column":41}},"loc":{"start":{"line":34,"column":45},"end":{"line":34,"column":52}},"line":34},"2":{"name":"(anonymous_2)","decl":{"start":{"line":54,"column":49},"end":{"line":54,"column":50}},"loc":{"start":{"line":54,"column":81},"end":{"line":61,"column":1}},"line":54},"3":{"name":"(anonymous_3)","decl":{"start":{"line":71,"column":41},"end":{"line":71,"column":42}},"loc":{"start":{"line":71,"column":73},"end":{"line":78,"column":1}},"line":71},"4":{"name":"(anonymous_4)","decl":{"start":{"line":91,"column":43},"end":{"line":91,"column":44}},"loc":{"start":{"line":91,"column":75},"end":{"line":104,"column":1}},"line":91},"5":{"name":"(anonymous_5)","decl":{"start":{"line":95,"column":40},"end":{"line":95,"column":41}},"loc":{"start":{"line":95,"column":45},"end":{"line":95,"column":52}},"line":95},"6":{"name":"(anonymous_6)","decl":{"start":{"line":112,"column":44},"end":{"line":112,"column":45}},"loc":{"start":{"line":112,"column":76},"end":{"line":119,"column":1}},"line":112},"7":{"name":"(anonymous_7)","decl":{"start":{"line":128,"column":53},"end":{"line":128,"column":54}},"loc":{"start":{"line":128,"column":85},"end":{"line":136,"column":1}},"line":128}},"branchMap":{"0":{"loc":{"start":{"line":33,"column":4},"end":{"line":36,"column":5}},"type":"if","locations":[{"start":{"line":33,"column":4},"end":{"line":36,"column":5}},{"start":{},"end":{}}],"line":33},"1":{"loc":{"start":{"line":94,"column":4},"end":{"line":97,"column":5}},"type":"if","locations":[{"start":{"line":94,"column":4},"end":{"line":97,"column":5}},{"start":{},"end":{}}],"line":94}},"s":{"0":7,"1":7,"2":7,"3":7,"4":7,"5":7,"6":7,"7":7,"8":7,"9":7,"10":4,"11":4,"12":4,"13":2,"14":5,"15":2,"16":2,"17":2,"18":2,"19":2,"20":7,"21":2,"22":2,"23":1,"24":1,"25":7,"26":2,"27":2,"28":1,"29":1,"30":7,"31":4,"32":4,"33":4,"34":1,"35":1,"36":1,"37":3,"38":2,"39":2,"40":7,"41":2,"42":2,"43":1,"44":1,"45":7,"46":0,"47":0,"48":0,"49":0,"50":0,"51":7},"f":{"0":4,"1":5,"2":2,"3":2,"4":4,"5":1,"6":2,"7":0},"b":{"0":[2,2],"1":[1,3]},"_coverageSchema":"1a1c01bbd47fc00a2c39e90264f33305004495a9","hash":"2db22aafcdaea42704591b2490b5d3c1ab91df8d"}
}
