TN:
SF:app.js
FN:32,(anonymous_0)
FN:37,(anonymous_1)
FNF:2
FNH:2
FNDA:2,(anonymous_0)
FNDA:41,(anonymous_1)
DA:5,7
DA:6,7
DA:8,7
DA:10,7
DA:11,7
DA:12,7
DA:13,7
DA:14,7
DA:16,7
DA:18,7
DA:20,7
DA:21,7
DA:22,7
DA:23,7
DA:25,7
DA:26,7
DA:27,7
DA:28,7
DA:32,7
DA:33,2
DA:37,7
DA:38,41
DA:39,41
DA:40,41
DA:42,41
DA:47,7
LF:26
LH:26
BRDA:38,0,0,1
BRDA:38,0,1,40
BRDA:39,1,0,41
BRDA:39,1,1,2
BRF:4
BRH:4
end_of_record
TN:
SF:config.js
FN:13,getDatabaseUri
FNF:1
FNH:1
FNDA:24,getDatabaseUri
DA:5,12
DA:6,12
DA:8,12
DA:10,12
DA:14,24
DA:22,12
DA:24,12
DA:25,12
DA:26,12
DA:27,12
DA:28,12
DA:29,12
DA:31,12
LF:13
LH:13
BRDA:8,0,0,12
BRDA:8,0,1,11
BRDA:10,1,0,12
BRDA:10,1,1,11
BRDA:14,2,0,21
BRDA:14,2,1,3
BRDA:16,3,0,3
BRDA:16,3,1,1
BRDA:22,4,0,11
BRDA:22,4,1,1
BRF:10
BRH:10
end_of_record
TN:
SF:db.js
FNF:0
FNH:0
DA:3,9
DA:4,9
DA:8,9
DA:9,0
DA:16,9
DA:21,9
DA:23,9
LF:7
LH:6
BRDA:8,0,0,0
BRDA:8,0,1,9
BRF:2
BRH:1
end_of_record
TN:
SF:expressError.js
FN:8,(anonymous_0)
FN:18,(anonymous_1)
FN:26,(anonymous_2)
FN:34,(anonymous_3)
FN:42,(anonymous_4)
FNF:5
FNH:4
FNDA:59,(anonymous_0)
FNDA:18,(anonymous_1)
FNDA:16,(anonymous_2)
FNDA:25,(anonymous_3)
FNDA:0,(anonymous_4)
DA:9,59
DA:10,59
DA:11,59
DA:19,18
DA:27,16
DA:35,25
DA:43,0
DA:47,10
LF:8
LH:7
BRDA:18,0,0,2
BRDA:26,1,0,12
BRDA:34,2,0,0
BRDA:42,3,0,0
BRF:4
BRH:2
end_of_record
TN:
SF:helpers/sql.js
FN:11,sqlForPartialUpdate
FN:16,(anonymous_1)
FNF:2
FNH:2
FNDA:18,sqlForPartialUpdate
FNDA:30,(anonymous_1)
DA:1,9
DA:12,18
DA:13,18
DA:16,15
DA:17,30
DA:20,15
DA:26,9
LF:7
LH:7
BRDA:13,0,0,3
BRDA:13,0,1,15
BRDA:17,1,0,30
BRDA:17,1,1,16
BRF:4
BRH:4
end_of_record
TN:
SF:helpers/tokens.js
FN:6,createToken
FNF:1
FNH:1
FNDA:15,createToken
DA:1,8
DA:2,8
DA:7,15
DA:10,15
DA:15,15
DA:18,8
LF:6
LH:6
BRDA:12,0,0,15
BRDA:12,0,1,9
BRF:2
BRH:2
end_of_record
TN:
SF:middleware/auth.js
FN:18,authenticateJWT
FN:38,ensureLoggedIn
FN:52,ensureAdminThere
FN:66,ensureAdminTrue
FNF:4
FNH:4
FNDA:64,authenticateJWT
FNDA:46,ensureLoggedIn
FNDA:20,ensureAdminThere
FNDA:6,ensureAdminTrue
DA:5,8
DA:6,8
DA:7,8
DA:19,64
DA:20,64
DA:21,64
DA:22,37
DA:24,37
DA:25,36
DA:27,63
DA:29,1
DA:39,46
DA:40,46
DA:41,36
DA:43,10
DA:53,20
DA:54,20
DA:55,18
DA:57,2
DA:67,6
DA:68,6
DA:69,6
DA:71,0
DA:76,8
LF:24
LH:23
BRDA:20,0,0,64
BRDA:20,0,1,63
BRDA:21,1,0,37
BRDA:21,1,1,27
BRDA:40,2,0,10
BRDA:40,2,1,36
BRDA:54,3,0,2
BRDA:54,3,1,18
BRDA:68,4,0,0
BRDA:68,4,1,6
BRF:10
BRH:9
end_of_record
TN:
SF:models/_testCommon.js
FN:8,commonBeforeAll
FN:41,(anonymous_1)
FN:44,commonBeforeEach
FN:48,commonAfterEach
FN:52,commonAfterAll
FNF:5
FNH:5
FNDA:3,commonBeforeAll
FNDA:9,(anonymous_1)
FNDA:46,commonBeforeEach
FNDA:46,commonAfterEach
FNDA:3,commonAfterAll
DA:1,3
DA:3,3
DA:4,3
DA:6,3
DA:10,3
DA:12,3
DA:13,3
DA:15,3
DA:21,3
DA:35,3
DA:41,9
DA:45,46
DA:49,46
DA:53,3
DA:57,3
LF:15
LH:15
BRF:0
BRH:0
end_of_record
TN:
SF:models/company.js
FN:19,(anonymous_0)
FN:52,(anonymous_1)
FN:74,(anonymous_2)
FN:129,(anonymous_3)
FN:159,(anonymous_4)
FN:189,(anonymous_5)
FNF:6
FNH:6
FNDA:16,(anonymous_0)
FNDA:1,(anonymous_1)
FNDA:10,(anonymous_2)
FNDA:5,(anonymous_3)
FNDA:6,(anonymous_4)
FNDA:4,(anonymous_5)
DA:3,8
DA:4,8
DA:5,8
DA:20,16
DA:26,16
DA:27,1
DA:29,15
DA:42,15
DA:44,15
DA:53,1
DA:61,1
DA:76,10
DA:79,10
DA:80,1
DA:83,9
DA:89,9
DA:90,9
DA:93,9
DA:94,2
DA:95,2
DA:98,9
DA:99,2
DA:100,2
DA:103,9
DA:104,2
DA:105,2
DA:109,9
DA:110,5
DA:112,9
DA:116,9
DA:118,8
DA:130,5
DA:140,5
DA:142,5
DA:144,3
DA:160,6
DA:166,5
DA:168,5
DA:176,5
DA:177,5
DA:179,5
DA:181,3
DA:190,4
DA:196,4
DA:198,4
DA:203,8
LF:46
LH:46
BRDA:26,0,0,1
BRDA:26,0,1,15
BRDA:74,1,0,1
BRDA:79,2,0,1
BRDA:79,2,1,9
BRDA:93,3,0,2
BRDA:93,3,1,7
BRDA:98,4,0,2
BRDA:98,4,1,7
BRDA:103,5,0,2
BRDA:103,5,1,7
BRDA:109,6,0,5
BRDA:109,6,1,4
BRDA:142,7,0,2
BRDA:142,7,1,3
BRDA:179,8,0,2
BRDA:179,8,1,3
BRDA:198,9,0,2
BRDA:198,9,1,2
BRF:19
BRH:19
end_of_record
TN:
SF:models/job.js
FN:19,(anonymous_0)
FN:56,(anonymous_1)
FN:108,(anonymous_2)
FN:149,(anonymous_3)
FN:176,(anonymous_4)
FNF:5
FNH:5
FNDA:20,(anonymous_0)
FNDA:5,(anonymous_1)
FNDA:2,(anonymous_2)
FNDA:4,(anonymous_3)
FNDA:4,(anonymous_4)
DA:3,7
DA:4,7
DA:5,7
DA:20,20
DA:26,20
DA:27,1
DA:29,19
DA:41,19
DA:43,19
DA:58,5
DA:60,5
DA:65,5
DA:66,5
DA:69,5
DA:70,4
DA:71,4
DA:74,5
DA:75,1
DA:76,1
DA:79,5
DA:81,0
DA:88,5
DA:89,4
DA:91,5
DA:95,5
DA:97,5
DA:109,2
DA:118,2
DA:120,2
DA:122,1
DA:131,1
DA:132,1
DA:134,1
DA:150,4
DA:153,3
DA:155,3
DA:163,3
DA:164,3
DA:166,3
DA:168,2
DA:177,4
DA:183,4
DA:185,4
DA:190,7
LF:44
LH:43
BRDA:26,0,0,1
BRDA:26,0,1,19
BRDA:56,1,0,1
BRDA:69,2,0,4
BRDA:69,2,1,1
BRDA:74,3,0,1
BRDA:74,3,1,4
BRDA:79,4,0,0
BRDA:79,4,1,5
BRDA:88,5,0,4
BRDA:88,5,1,1
BRDA:120,6,0,1
BRDA:120,6,1,1
BRDA:166,7,0,1
BRDA:166,7,1,2
BRDA:185,8,0,2
BRDA:185,8,1,2
BRF:17
BRH:16
end_of_record
TN:
SF:models/user.js
FN:24,(anonymous_0)
FN:59,(anonymous_1)
FN:104,(anonymous_2)
FN:126,(anonymous_3)
FN:162,(anonymous_4)
FN:195,(anonymous_5)
FN:214,(anonymous_6)
FNF:7
FNH:6
FNDA:7,(anonymous_0)
FNDA:19,(anonymous_1)
FNDA:3,(anonymous_2)
FNDA:4,(anonymous_3)
FNDA:7,(anonymous_4)
FNDA:4,(anonymous_5)
FNDA:0,(anonymous_6)
DA:3,8
DA:4,8
DA:5,8
DA:10,8
DA:12,8
DA:26,7
DA:38,7
DA:40,7
DA:42,4
DA:43,4
DA:44,3
DA:45,3
DA:49,4
DA:61,19
DA:68,19
DA:69,1
DA:72,18
DA:74,18
DA:94,18
DA:96,18
DA:105,3
DA:115,2
DA:127,4
DA:138,4
DA:140,4
DA:142,2
DA:163,7
DA:164,2
DA:167,7
DA:174,6
DA:176,6
DA:184,6
DA:185,6
DA:187,6
DA:189,4
DA:190,4
DA:196,4
DA:203,4
DA:205,4
DA:215,0
DA:219,0
DA:221,0
DA:223,0
DA:227,0
DA:229,0
DA:232,0
DA:241,8
LF:47
LH:40
BRDA:40,0,0,4
BRDA:40,0,1,3
BRDA:43,1,0,3
BRDA:43,1,1,1
BRDA:68,2,0,1
BRDA:68,2,1,18
BRDA:140,3,0,2
BRDA:140,3,1,2
BRDA:163,4,0,2
BRDA:163,4,1,5
BRDA:187,5,0,2
BRDA:187,5,1,4
BRDA:205,6,0,2
BRDA:205,6,1,2
BRDA:221,7,0,0
BRDA:221,7,1,0
BRDA:229,8,0,0
BRDA:229,8,1,0
BRF:18
BRH:14
end_of_record
TN:
SF:routes/_testCommon.js
FN:11,commonBeforeAll
FN:83,commonBeforeEach
FN:87,commonAfterEach
FN:91,commonAfterAll
FNF:4
FNH:4
FNDA:4,commonBeforeAll
FNDA:59,commonBeforeEach
FNDA:59,commonAfterEach
FNDA:4,commonAfterAll
DA:3,4
DA:4,4
DA:5,4
DA:6,4
DA:7,4
DA:9,4
DA:13,4
DA:15,4
DA:17,4
DA:25,4
DA:33,4
DA:42,4
DA:50,4
DA:58,4
DA:67,4
DA:74,4
DA:76,4
DA:78,4
DA:84,59
DA:88,59
DA:92,4
DA:96,4
DA:97,4
DA:100,4
LF:24
LH:24
BRF:0
BRH:0
end_of_record
TN:
SF:routes/auth.js
FN:22,(anonymous_0)
FN:26,(anonymous_1)
FN:49,(anonymous_2)
FN:53,(anonymous_3)
FNF:4
FNH:4
FNDA:5,(anonymous_0)
FNDA:2,(anonymous_1)
FNDA:3,(anonymous_2)
FNDA:5,(anonymous_3)
DA:5,7
DA:7,7
DA:8,7
DA:9,7
DA:10,7
DA:11,7
DA:12,7
DA:13,7
DA:22,7
DA:23,5
DA:24,5
DA:25,5
DA:26,2
DA:27,2
DA:30,3
DA:31,3
DA:32,1
DA:33,1
DA:35,4
DA:49,7
DA:50,3
DA:51,3
DA:52,3
DA:53,5
DA:54,2
DA:57,1
DA:58,1
DA:59,1
DA:61,2
DA:66,7
LF:30
LH:30
BRDA:25,0,0,2
BRDA:25,0,1,3
BRDA:52,1,0,2
BRDA:52,1,1,1
BRF:4
BRH:4
end_of_record
TN:
SF:routes/companies.js
FN:28,(anonymous_0)
FN:32,(anonymous_1)
FN:54,(anonymous_2)
FN:64,(anonymous_3)
FN:85,(anonymous_4)
FN:105,(anonymous_5)
FN:109,(anonymous_6)
FN:125,(anonymous_7)
FNF:8
FNH:7
FNDA:3,(anonymous_0)
FNDA:3,(anonymous_1)
FNDA:2,(anonymous_2)
FNDA:0,(anonymous_3)
FNDA:3,(anonymous_4)
FNDA:4,(anonymous_5)
FNDA:2,(anonymous_6)
FNDA:2,(anonymous_7)
DA:5,7
DA:6,7
DA:8,7
DA:9,7
DA:10,7
DA:12,7
DA:13,7
DA:14,7
DA:16,7
DA:28,7
DA:29,3
DA:30,3
DA:31,3
DA:32,3
DA:33,2
DA:36,1
DA:37,1
DA:39,2
DA:54,7
DA:55,2
DA:57,2
DA:58,2
DA:59,2
DA:62,2
DA:63,2
DA:64,0
DA:65,0
DA:69,2
DA:71,1
DA:73,1
DA:85,7
DA:86,3
DA:87,3
DA:88,2
DA:90,1
DA:105,7
DA:106,4
DA:107,4
DA:108,4
DA:109,2
DA:110,2
DA:113,2
DA:114,1
DA:116,3
DA:125,7
DA:126,2
DA:127,2
DA:128,1
DA:130,1
DA:135,7
LF:50
LH:48
BRDA:31,0,0,2
BRDA:31,0,1,1
BRDA:58,1,0,0
BRDA:58,1,1,2
BRDA:59,2,0,0
BRDA:59,2,1,2
BRDA:63,3,0,0
BRDA:63,3,1,2
BRDA:108,4,0,2
BRDA:108,4,1,2
BRF:10
BRH:7
end_of_record
TN:
SF:routes/jobs.js
FN:29,(anonymous_0)
FN:34,(anonymous_1)
FN:56,(anonymous_2)
FN:67,(anonymous_3)
FN:88,(anonymous_4)
FN:106,(anonymous_5)
FN:110,(anonymous_6)
FN:127,(anonymous_7)
FNF:8
FNH:7
FNDA:3,(anonymous_0)
FNDA:3,(anonymous_1)
FNDA:4,(anonymous_2)
FNDA:2,(anonymous_3)
FNDA:0,(anonymous_4)
FNDA:4,(anonymous_5)
FNDA:6,(anonymous_6)
FNDA:2,(anonymous_7)
DA:5,7
DA:6,7
DA:8,7
DA:9,7
DA:10,7
DA:12,7
DA:13,7
DA:14,7
DA:15,7
DA:16,7
DA:17,7
DA:19,7
DA:29,7
DA:30,3
DA:32,3
DA:33,3
DA:34,3
DA:35,2
DA:38,1
DA:39,1
DA:41,2
DA:56,7
DA:57,4
DA:59,4
DA:60,4
DA:61,4
DA:65,4
DA:66,4
DA:67,2
DA:68,2
DA:72,2
DA:74,2
DA:76,2
DA:88,7
DA:89,0
DA:90,0
DA:91,0
DA:93,0
DA:106,7
DA:107,4
DA:108,4
DA:109,4
DA:110,6
DA:111,3
DA:114,1
DA:115,1
DA:117,3
DA:127,7
DA:128,2
DA:129,2
DA:130,1
DA:132,1
DA:137,7
LF:53
LH:49
BRDA:33,0,0,2
BRDA:33,0,1,1
BRDA:60,1,0,0
BRDA:60,1,1,4
BRDA:66,2,0,2
BRDA:66,2,1,2
BRDA:109,3,0,3
BRDA:109,3,1,1
BRF:8
BRH:7
end_of_record
TN:
SF:routes/users.js
FN:30,(anonymous_0)
FN:34,(anonymous_1)
FN:54,(anonymous_2)
FN:71,(anonymous_3)
FN:91,(anonymous_4)
FN:95,(anonymous_5)
FN:112,(anonymous_6)
FN:128,(anonymous_7)
FNF:8
FNH:7
FNDA:4,(anonymous_0)
FNDA:5,(anonymous_1)
FNDA:2,(anonymous_2)
FNDA:2,(anonymous_3)
FNDA:4,(anonymous_4)
FNDA:1,(anonymous_5)
FNDA:2,(anonymous_6)
FNDA:0,(anonymous_7)
DA:5,7
DA:7,7
DA:8,7
DA:9,7
DA:10,7
DA:11,7
DA:12,7
DA:13,7
DA:15,7
DA:30,7
DA:31,4
DA:32,4
DA:33,4
DA:34,5
DA:35,2
DA:38,2
DA:39,2
DA:40,2
DA:42,2
DA:54,7
DA:55,2
DA:56,2
DA:57,1
DA:59,1
DA:71,7
DA:72,2
DA:73,2
DA:74,1
DA:76,1
DA:91,7
DA:92,4
DA:93,4
DA:94,4
DA:95,1
DA:96,1
DA:99,3
DA:100,2
DA:102,2
DA:112,7
DA:113,2
DA:114,2
DA:115,1
DA:117,1
DA:128,7
DA:129,0
DA:130,0
DA:131,0
DA:132,0
DA:134,0
DA:137,7
LF:50
LH:45
BRDA:33,0,0,2
BRDA:33,0,1,2
BRDA:94,1,0,1
BRDA:94,1,1,3
BRF:4
BRH:4
end_of_record
